#
# A fatal error has been detected by the Java Runtime Environment:
#
#  EXCEPTION_ACCESS_VIOLATION (0xc0000005) at pc=0x000000007261c130, pid=17220, tid=200
#
# JRE version: Java(TM) SE Runtime Environment (8.0_60-b27) (build 1.8.0_60-b27)
# Java VM: Java HotSpot(TM) 64-Bit Server VM (25.60-b23 mixed mode windows-amd64 compressed oops)
# Problematic frame:
# C  [jfxwebkit.dll+0xc5c130]
#
# Failed to write core dump. Minidumps are not enabled by default on client versions of Windows
#
# If you would like to submit a bug report, please visit:
#   http://bugreport.java.com/bugreport/crash.jsp
# The crash happened outside the Java Virtual Machine in native code.
# See problematic frame for where to report the bug.
#

---------------  T H R E A D  ---------------

Current thread (0x0000000017cca000):  JavaThread "JavaFX Application Thread" [_thread_in_native, id=200, stack(0x00000000193b0000,0x00000000194b0000)]

siginfo: ExceptionCode=0xc0000005, reading address 0x0000000000000008

Registers:
RAX=0x0000000000000000, RBX=0x000000001b011b90, RCX=0x000000001a780a70, RDX=0x0000000000000000
RSP=0x00000000194ab7c8, RBP=0x00000000ffffffff, RSI=0x0000000000000000, RDI=0x0000000026e27a70
R8 =0x000000001a780a70, R9 =0x000000001a780b30, R10=0x0000000000000000, R11=0x0000000000000040
R12=0x000000001a2dfe00, R13=0x0000000019a5d5e0, R14=0x0000000000000000, R15=0x000000001a2dfda0
RIP=0x000000007261c130, EFLAGS=0x0000000000010246

Top of Stack: (sp=0x00000000194ab7c8)
0x00000000194ab7c8:   0000000072601b58 fffffffffffffffe
0x00000000194ab7d8:   000000001b011b90 000000001b011b90
0x00000000194ab7e8:   0000000072709d49 000000002616d660
0x00000000194ab7f8:   00000000194ab850 000000001a780a70
0x00000000194ab808:   fffffffffffffffe 0000000019a5d5e0
0x00000000194ab818:   00000000ffffffff 0000000000000000
0x00000000194ab828:   0000000026e27a70 000000001b011b90
0x00000000194ab838:   000000007260217e 000000001a780a70
0x00000000194ab848:   00000000194ab870 0000000000000000
0x00000000194ab858:   0000000000000000 0000000000000000
0x00000000194ab868:   00000000194ab8b8 0000000000000000
0x00000000194ab878:   0000000019a5d5f8 fffffffffffffffe
0x00000000194ab888:   000000001b011b90 0000000026e27a70
0x00000000194ab898:   0000000026cb2970 00000000194ac3d0
0x00000000194ab8a8:   000000007260d368 0000000000000000
0x00000000194ab8b8:   0000000000000000 00000000194ab9b0 

Instructions: (pc=0x000000007261c130)
0x000000007261c110:   48 8b 81 b0 00 00 00 4c 8d 89 c0 00 00 00 4c 8b
0x000000007261c120:   c1 49 3b c1 74 38 45 33 d2 0f 1f 80 00 00 00 00
0x000000007261c130:   48 8b 50 08 4c 89 50 10 4c 89 50 20 48 85 d2 74
0x000000007261c140:   11 48 8b 08 48 89 0a 48 89 51 08 4c 89 50 08 4c 


Register to memory mapping:

RAX=0x0000000000000000 is an unknown value
RBX=0x000000001b011b90 is an unknown value
RCX=0x000000001a780a70 is an unknown value
RDX=0x0000000000000000 is an unknown value
RSP=0x00000000194ab7c8 is pointing into the stack for thread: 0x0000000017cca000
RBP=0x00000000ffffffff is an unallocated location in the heap
RSI=0x0000000000000000 is an unknown value
RDI=0x0000000026e27a70 is an unknown value
R8 =0x000000001a780a70 is an unknown value
R9 =0x000000001a780b30 is an unknown value
R10=0x0000000000000000 is an unknown value
R11=0x0000000000000040 is an unknown value
R12=0x000000001a2dfe00 is an unknown value
R13=0x0000000019a5d5e0 is an unknown value
R14=0x0000000000000000 is an unknown value
R15=0x000000001a2dfda0 is an unknown value


Stack: [0x00000000193b0000,0x00000000194b0000],  sp=0x00000000194ab7c8,  free space=1005k
Native frames: (J=compiled Java code, j=interpreted, Vv=VM code, C=native code)
C  [jfxwebkit.dll+0xc5c130]

Java frames: (J=compiled Java code, j=interpreted, Vv=VM code)
j  com.sun.webkit.network.URLLoader.twkDidFinishLoading(J)V+0
j  com.sun.webkit.network.URLLoader.notifyDidFinishLoading()V+44
j  com.sun.webkit.network.URLLoader.lambda$didFinishLoading$96()V+8
j  com.sun.webkit.network.URLLoader$$Lambda$187.run()V+4
J 3440 C1 com.sun.javafx.application.PlatformImpl$$Lambda$74.run()Ljava/lang/Object; (8 bytes) @ 0x0000000002c85f8c [0x0000000002c85e40+0x14c]
v  ~StubRoutines::call_stub
J 1359  java.security.AccessController.doPrivileged(Ljava/security/PrivilegedAction;Ljava/security/AccessControlContext;)Ljava/lang/Object; (0 bytes) @ 0x0000000002746ee6 [0x0000000002746e80+0x66]
J 3437 C1 com.sun.javafx.application.PlatformImpl.lambda$runLater$175(Ljava/lang/Runnable;Ljava/security/AccessControlContext;)V (38 bytes) @ 0x0000000002c84c0c [0x0000000002c848a0+0x36c]
J 3136 C1 com.sun.javafx.application.PlatformImpl$$Lambda$72.run()V (12 bytes) @ 0x0000000002bfc044 [0x0000000002bfbfc0+0x84]
J 2238 C1 com.sun.glass.ui.InvokeLaterDispatcher$Future.run()V (91 bytes) @ 0x00000000029a94cc [0x00000000029a93c0+0x10c]
v  ~StubRoutines::call_stub
j  com.sun.glass.ui.win.WinApplication._runLoop(Ljava/lang/Runnable;)V+0
j  com.sun.glass.ui.win.WinApplication.lambda$null$149(ILjava/lang/Runnable;)V+8
j  com.sun.glass.ui.win.WinApplication$$Lambda$60.run()V+12
j  java.lang.Thread.run()V+11
v  ~StubRoutines::call_stub

---------------  P R O C E S S  ---------------

Java Threads: ( => current thread )
  0x000000001d086000 JavaThread "Thread-16" daemon [_thread_blocked, id=7988, stack(0x0000000026a90000,0x0000000026b90000)]
  0x000000001d085000 JavaThread "Thread-15" daemon [_thread_blocked, id=18744, stack(0x00000000252e0000,0x00000000253e0000)]
  0x000000001d084800 JavaThread "URL-Loader-20" daemon [_thread_in_native, id=10160, stack(0x00000000251e0000,0x00000000252e0000)]
  0x000000001d080000 JavaThread "URL-Loader-19" daemon [_thread_in_native, id=19464, stack(0x00000000250e0000,0x00000000251e0000)]
  0x000000001d081800 JavaThread "URL-Loader-18" daemon [_thread_blocked, id=15708, stack(0x0000000024fe0000,0x00000000250e0000)]
  0x000000001d083000 JavaThread "URL-Loader-17" daemon [_thread_blocked, id=19272, stack(0x0000000024ee0000,0x0000000024fe0000)]
  0x000000001d07f000 JavaThread "URL-Loader-16" daemon [_thread_blocked, id=14284, stack(0x0000000024de0000,0x0000000024ee0000)]
  0x000000001d080800 JavaThread "URL-Loader-15" daemon [_thread_blocked, id=2560, stack(0x0000000024ce0000,0x0000000024de0000)]
  0x000000001d07d800 JavaThread "URL-Loader-14" daemon [_thread_blocked, id=13548, stack(0x0000000024420000,0x0000000024520000)]
  0x000000001d082000 JavaThread "URL-Loader-13" daemon [_thread_blocked, id=17900, stack(0x00000000253e0000,0x00000000254e0000)]
  0x000000001d07c000 JavaThread "URL-Loader-12" daemon [_thread_blocked, id=3464, stack(0x0000000024320000,0x0000000024420000)]
  0x000000001d07e800 JavaThread "URL-Loader-11" daemon [_thread_blocked, id=13616, stack(0x0000000024220000,0x0000000024320000)]
  0x000000001d07a000 JavaThread "URL-Loader-10" daemon [_thread_in_native, id=12108, stack(0x0000000024100000,0x0000000024200000)]
  0x000000001d07b800 JavaThread "Prism Font Disposer" daemon [_thread_blocked, id=12868, stack(0x0000000022e40000,0x0000000022f40000)]
  0x000000001d07a800 JavaThread "URL-Loader-9" daemon [_thread_blocked, id=11564, stack(0x000000001f520000,0x000000001f620000)]
  0x000000001d07d000 JavaThread "URL-Loader-8" daemon [_thread_blocked, id=10048, stack(0x000000001f420000,0x000000001f520000)]
  0x0000000017d0e000 JavaThread "URL-Loader-7" daemon [_thread_in_native, id=15744, stack(0x000000001f220000,0x000000001f320000)]
  0x0000000017d11000 JavaThread "URL-Loader-6" daemon [_thread_blocked, id=13512, stack(0x000000001f120000,0x000000001f220000)]
  0x0000000017d0d800 JavaThread "URL-Loader-5" daemon [_thread_blocked, id=8588, stack(0x000000001f020000,0x000000001f120000)]
  0x0000000017d0f000 JavaThread "URL-Loader-4" daemon [_thread_blocked, id=2644, stack(0x000000001ef20000,0x000000001f020000)]
  0x0000000017d10800 JavaThread "URL-Loader-3" daemon [_thread_blocked, id=19928, stack(0x000000001ee20000,0x000000001ef20000)]
  0x0000000017d0f800 JavaThread "URL-Loader-2" daemon [_thread_in_native, id=19872, stack(0x000000001ac00000,0x000000001ad00000)]
  0x0000000017d0a800 JavaThread "Keep-Alive-Timer" daemon [_thread_blocked, id=20328, stack(0x000000001a970000,0x000000001aa70000)]
  0x0000000017d0c800 JavaThread "Watchdog-Timer-1" daemon [_thread_blocked, id=17704, stack(0x000000001a870000,0x000000001a970000)]
  0x0000000017d0b000 JavaThread "URL-Loader-1" daemon [_thread_blocked, id=18772, stack(0x000000001b5a0000,0x000000001b6a0000)]
  0x0000000017d0c000 JavaThread "Disposer" daemon [_thread_blocked, id=9356, stack(0x000000001a340000,0x000000001a440000)]
  0x0000000017c5b000 JavaThread "Thread-5" daemon [_thread_in_native, id=18892, stack(0x0000000019ac0000,0x0000000019bc0000)]
=>0x0000000017cca000 JavaThread "JavaFX Application Thread" [_thread_in_native, id=200, stack(0x00000000193b0000,0x00000000194b0000)]
  0x0000000017c52000 JavaThread "Thread-4" daemon [_thread_blocked, id=4024, stack(0x00000000190b0000,0x00000000191b0000)]
  0x0000000017ba6800 JavaThread "QuantumRenderer-0" daemon [_thread_blocked, id=14556, stack(0x0000000018fb0000,0x00000000190b0000)]
  0x0000000017afc000 JavaThread "TimerQueue" daemon [_thread_blocked, id=20424, stack(0x0000000018ab0000,0x0000000018bb0000)]
  0x0000000017a77000 JavaThread "Timer-0" [_thread_blocked, id=12900, stack(0x00000000187b0000,0x00000000188b0000)]
  0x000000000213e000 JavaThread "DestroyJavaVM" [_thread_blocked, id=18700, stack(0x0000000001fe0000,0x00000000020e0000)]
  0x0000000017a26800 JavaThread "AWT-EventQueue-0" [_thread_blocked, id=8012, stack(0x0000000017470000,0x0000000017570000)]
  0x0000000016703000 JavaThread "AWT-Windows" daemon [_thread_in_native, id=11696, stack(0x0000000017230000,0x0000000017330000)]
  0x0000000016702800 JavaThread "AWT-Shutdown" [_thread_blocked, id=12088, stack(0x0000000017130000,0x0000000017230000)]
  0x00000000166ff800 JavaThread "Java2D Disposer" daemon [_thread_blocked, id=16240, stack(0x0000000017030000,0x0000000017130000)]
  0x0000000016421000 JavaThread "Monitor Ctrl-Break" daemon [_thread_in_native, id=2588, stack(0x0000000016920000,0x0000000016a20000)]
  0x0000000016345800 JavaThread "Service Thread" daemon [_thread_blocked, id=18660, stack(0x0000000016720000,0x0000000016820000)]
  0x00000000148b7800 JavaThread "C1 CompilerThread2" daemon [_thread_blocked, id=19176, stack(0x0000000016220000,0x0000000016320000)]
  0x00000000148b4800 JavaThread "C2 CompilerThread1" daemon [_thread_blocked, id=13936, stack(0x0000000016120000,0x0000000016220000)]
  0x00000000148ae000 JavaThread "C2 CompilerThread0" daemon [_thread_blocked, id=19140, stack(0x0000000016020000,0x0000000016120000)]
  0x00000000148ab800 JavaThread "Attach Listener" daemon [_thread_blocked, id=10440, stack(0x0000000015f20000,0x0000000016020000)]
  0x00000000148aa000 JavaThread "Signal Dispatcher" daemon [_thread_blocked, id=10740, stack(0x0000000015e20000,0x0000000015f20000)]
  0x00000000022d7000 JavaThread "Finalizer" daemon [_thread_blocked, id=12068, stack(0x0000000015b00000,0x0000000015c00000)]
  0x00000000022ce000 JavaThread "Reference Handler" daemon [_thread_blocked, id=10220, stack(0x0000000015a00000,0x0000000015b00000)]

Other Threads:
  0x0000000014877800 VMThread [stack: 0x0000000015900000,0x0000000015a00000] [id=15684]
  0x0000000016377000 WatcherThread [stack: 0x0000000016820000,0x0000000016920000] [id=19224]

VM state:not at safepoint (normal execution)

VM Mutex/Monitor currently owned by a thread: None

Heap:
 PSYoungGen      total 74752K, used 63334K [0x00000000eb400000, 0x00000000f2580000, 0x0000000100000000)
  eden space 69632K, 86% used [0x00000000eb400000,0x00000000eef21520,0x00000000ef800000)
  from space 5120K, 54% used [0x00000000ef800000,0x00000000efab84b0,0x00000000efd00000)
  to   space 5120K, 0% used [0x00000000f2080000,0x00000000f2080000,0x00000000f2580000)
 ParOldGen       total 34816K, used 5326K [0x00000000c1c00000, 0x00000000c3e00000, 0x00000000eb400000)
  object space 34816K, 15% used [0x00000000c1c00000,0x00000000c21338f8,0x00000000c3e00000)
 Metaspace       used 25459K, capacity 26330K, committed 26624K, reserved 1073152K
  class space    used 3356K, capacity 3540K, committed 3584K, reserved 1048576K

Card table byte_map: [0x00000000116a0000,0x00000000118a0000] byte_map_base: 0x0000000011092000

Marking Bits: (ParMarkBitMap*) 0x0000000074afa5b0
 Begin Bits: [0x0000000011df0000, 0x0000000012d80000)
 End Bits:   [0x0000000012d80000, 0x0000000013d10000)

Polling page: 0x0000000000710000

CodeCache: size=245760Kb used=10073Kb max_used=10113Kb free=235686Kb
 bounds [0x00000000022e0000, 0x0000000002d10000, 0x00000000112e0000]
 total_blobs=4242 nmethods=3376 adapters=776
 compilation: enabled

Compilation events (10 events):
Event: 20.408 Thread 0x00000000148b7800 3729       3       java.lang.reflect.Field::getFieldAccessor (35 bytes)
Event: 20.408 Thread 0x00000000148b7800 nmethod 3729 0x0000000002b8a0d0 code [0x0000000002b8a240, 0x0000000002b8a488]
Event: 20.443 Thread 0x00000000148ae000 3730       4       jdk.internal.org.objectweb.asm.ByteVector::put12 (64 bytes)
Event: 20.445 Thread 0x00000000148ae000 nmethod 3730 0x0000000002b52dd0 code [0x0000000002b52f20, 0x0000000002b530c8]
Event: 20.484 Thread 0x00000000148b7800 3731  s!   3       sun.net.www.protocol.http.HttpURLConnection::getInputStream0 (2019 bytes)
Event: 20.514 Thread 0x00000000148b7800 nmethod 3731 0x0000000002cefd90 code [0x0000000002cf0f40, 0x0000000002cfeec8]
Event: 20.514 Thread 0x00000000148b7800 3732  s!   3       sun.net.www.protocol.http.HttpURLConnection::getInputStream (56 bytes)
Event: 20.514 Thread 0x00000000148b7800 nmethod 3732 0x0000000002b52010 code [0x0000000002b521e0, 0x0000000002b52a78]
Event: 20.515 Thread 0x00000000148b7800 3733       1       java.net.AbstractPlainSocketImpl::getTimeout (5 bytes)
Event: 20.515 Thread 0x00000000148b7800 nmethod 3733 0x0000000002498950 code [0x0000000002498aa0, 0x0000000002498bb0]

GC Heap History (10 events):
Event: 10.167 GC heap before
{Heap before GC invocations=10 (full 1):
 PSYoungGen      total 40448K, used 39946K [0x00000000eb400000, 0x00000000ee280000, 0x0000000100000000)
  eden space 35840K, 99% used [0x00000000eb400000,0x00000000ed6ffd78,0x00000000ed700000)
  from space 4608K, 89% used [0x00000000edc00000,0x00000000ee002da0,0x00000000ee080000)
  to   space 5120K, 0% used [0x00000000ed700000,0x00000000ed700000,0x00000000edc00000)
 ParOldGen       total 34816K, used 4981K [0x00000000c1c00000, 0x00000000c3e00000, 0x00000000eb400000)
  object space 34816K, 14% used [0x00000000c1c00000,0x00000000c20dd458,0x00000000c3e00000)
 Metaspace       used 23174K, capacity 23920K, committed 24064K, reserved 1071104K
  class space    used 3053K, capacity 3229K, committed 3328K, reserved 1048576K
Event: 10.170 GC heap after
Heap after GC invocations=10 (full 1):
 PSYoungGen      total 40960K, used 2749K [0x00000000eb400000, 0x00000000eeb80000, 0x0000000100000000)
  eden space 35840K, 0% used [0x00000000eb400000,0x00000000eb400000,0x00000000ed700000)
  from space 5120K, 53% used [0x00000000ed700000,0x00000000ed9af670,0x00000000edc00000)
  to   space 5120K, 0% used [0x00000000ee680000,0x00000000ee680000,0x00000000eeb80000)
 ParOldGen       total 34816K, used 4989K [0x00000000c1c00000, 0x00000000c3e00000, 0x00000000eb400000)
  object space 34816K, 14% used [0x00000000c1c00000,0x00000000c20df458,0x00000000c3e00000)
 Metaspace       used 23174K, capacity 23920K, committed 24064K, reserved 1071104K
  class space    used 3053K, capacity 3229K, committed 3328K, reserved 1048576K
}
Event: 10.196 GC heap before
{Heap before GC invocations=11 (full 1):
 PSYoungGen      total 40960K, used 38501K [0x00000000eb400000, 0x00000000eeb80000, 0x0000000100000000)
  eden space 35840K, 99% used [0x00000000eb400000,0x00000000ed6e9e60,0x00000000ed700000)
  from space 5120K, 53% used [0x00000000ed700000,0x00000000ed9af670,0x00000000edc00000)
  to   space 5120K, 0% used [0x00000000ee680000,0x00000000ee680000,0x00000000eeb80000)
 ParOldGen       total 34816K, used 4989K [0x00000000c1c00000, 0x00000000c3e00000, 0x00000000eb400000)
  object space 34816K, 14% used [0x00000000c1c00000,0x00000000c20df458,0x00000000c3e00000)
 Metaspace       used 23175K, capacity 23920K, committed 24064K, reserved 1071104K
  class space    used 3053K, capacity 3229K, committed 3328K, reserved 1048576K
Event: 10.204 GC heap after
Heap after GC invocations=11 (full 1):
 PSYoungGen      total 51200K, used 4431K [0x00000000eb400000, 0x00000000ef380000, 0x0000000100000000)
  eden space 46080K, 0% used [0x00000000eb400000,0x00000000eb400000,0x00000000ee100000)
  from space 5120K, 86% used [0x00000000ee680000,0x00000000eead3db0,0x00000000eeb80000)
  to   space 5632K, 0% used [0x00000000ee100000,0x00000000ee100000,0x00000000ee680000)
 ParOldGen       total 34816K, used 4989K [0x00000000c1c00000, 0x00000000c3e00000, 0x00000000eb400000)
  object space 34816K, 14% used [0x00000000c1c00000,0x00000000c20df458,0x00000000c3e00000)
 Metaspace       used 23175K, capacity 23920K, committed 24064K, reserved 1071104K
  class space    used 3053K, capacity 3229K, committed 3328K, reserved 1048576K
}
Event: 10.238 GC heap before
{Heap before GC invocations=12 (full 1):
 PSYoungGen      total 51200K, used 50412K [0x00000000eb400000, 0x00000000ef380000, 0x0000000100000000)
  eden space 46080K, 99% used [0x00000000eb400000,0x00000000ee0e7318,0x00000000ee100000)
  from space 5120K, 86% used [0x00000000ee680000,0x00000000eead3db0,0x00000000eeb80000)
  to   space 5632K, 0% used [0x00000000ee100000,0x00000000ee100000,0x00000000ee680000)
 ParOldGen       total 34816K, used 4989K [0x00000000c1c00000, 0x00000000c3e00000, 0x00000000eb400000)
  object space 34816K, 14% used [0x00000000c1c00000,0x00000000c20df458,0x00000000c3e00000)
 Metaspace       used 23175K, capacity 23920K, committed 24064K, reserved 1071104K
  class space    used 3053K, capacity 3229K, committed 3328K, reserved 1048576K
Event: 10.241 GC heap after
Heap after GC invocations=12 (full 1):
 PSYoungGen      total 51712K, used 2922K [0x00000000eb400000, 0x00000000f0280000, 0x0000000100000000)
  eden space 46080K, 0% used [0x00000000eb400000,0x00000000eb400000,0x00000000ee100000)
  from space 5632K, 51% used [0x00000000ee100000,0x00000000ee3da978,0x00000000ee680000)
  to   space 5632K, 0% used [0x00000000efd00000,0x00000000efd00000,0x00000000f0280000)
 ParOldGen       total 34816K, used 4989K [0x00000000c1c00000, 0x00000000c3e00000, 0x00000000eb400000)
  object space 34816K, 14% used [0x00000000c1c00000,0x00000000c20df458,0x00000000c3e00000)
 Metaspace       used 23175K, capacity 23920K, committed 24064K, reserved 1071104K
  class space    used 3053K, capacity 3229K, committed 3328K, reserved 1048576K
}
Event: 10.262 GC heap before
{Heap before GC invocations=13 (full 1):
 PSYoungGen      total 51712K, used 48939K [0x00000000eb400000, 0x00000000f0280000, 0x0000000100000000)
  eden space 46080K, 99% used [0x00000000eb400000,0x00000000ee0f0460,0x00000000ee100000)
  from space 5632K, 51% used [0x00000000ee100000,0x00000000ee3da978,0x00000000ee680000)
  to   space 5632K, 0% used [0x00000000efd00000,0x00000000efd00000,0x00000000f0280000)
 ParOldGen       total 34816K, used 4989K [0x00000000c1c00000, 0x00000000c3e00000, 0x00000000eb400000)
  object space 34816K, 14% used [0x00000000c1c00000,0x00000000c20df458,0x00000000c3e00000)
 Metaspace       used 23178K, capacity 23920K, committed 24064K, reserved 1071104K
  class space    used 3053K, capacity 3229K, committed 3328K, reserved 1048576K
Event: 10.267 GC heap after
Heap after GC invocations=13 (full 1):
 PSYoungGen      total 75264K, used 2962K [0x00000000eb400000, 0x00000000f0280000, 0x0000000100000000)
  eden space 69632K, 0% used [0x00000000eb400000,0x00000000eb400000,0x00000000ef800000)
  from space 5632K, 52% used [0x00000000efd00000,0x00000000effe49c0,0x00000000f0280000)
  to   space 5120K, 0% used [0x00000000ef800000,0x00000000ef800000,0x00000000efd00000)
 ParOldGen       total 34816K, used 5109K [0x00000000c1c00000, 0x00000000c3e00000, 0x00000000eb400000)
  object space 34816K, 14% used [0x00000000c1c00000,0x00000000c20fd458,0x00000000c3e00000)
 Metaspace       used 23178K, capacity 23920K, committed 24064K, reserved 1071104K
  class space    used 3053K, capacity 3229K, committed 3328K, reserved 1048576K
}
Event: 10.304 GC heap before
{Heap before GC invocations=14 (full 1):
 PSYoungGen      total 75264K, used 72589K [0x00000000eb400000, 0x00000000f0280000, 0x0000000100000000)
  eden space 69632K, 99% used [0x00000000eb400000,0x00000000ef7feb80,0x00000000ef800000)
  from space 5632K, 52% used [0x00000000efd00000,0x00000000effe49c0,0x00000000f0280000)
  to   space 5120K, 0% used [0x00000000ef800000,0x00000000ef800000,0x00000000efd00000)
 ParOldGen       total 34816K, used 5109K [0x00000000c1c00000, 0x00000000c3e00000, 0x00000000eb400000)
  object space 34816K, 14% used [0x00000000c1c00000,0x00000000c20fd458,0x00000000c3e00000)
 Metaspace       used 23183K, capacity 23920K, committed 24064K, reserved 1071104K
  class space    used 3053K, capacity 3229K, committed 3328K, reserved 1048576K
Event: 10.306 GC heap after
Heap after GC invocations=14 (full 1):
 PSYoungGen      total 74752K, used 2785K [0x00000000eb400000, 0x00000000f2580000, 0x0000000100000000)
  eden space 69632K, 0% used [0x00000000eb400000,0x00000000eb400000,0x00000000ef800000)
  from space 5120K, 54% used [0x00000000ef800000,0x00000000efab84b0,0x00000000efd00000)
  to   space 5120K, 0% used [0x00000000f2080000,0x00000000f2080000,0x00000000f2580000)
 ParOldGen       total 34816K, used 5326K [0x00000000c1c00000, 0x00000000c3e00000, 0x00000000eb400000)
  object space 34816K, 15% used [0x00000000c1c00000,0x00000000c21338f8,0x00000000c3e00000)
 Metaspace       used 23183K, capacity 23920K, committed 24064K, reserved 1071104K
  class space    used 3053K, capacity 3229K, committed 3328K, reserved 1048576K
}

Deoptimization events (10 events):
Event: 10.111 Thread 0x0000000017d0b000 Uncommon trap: reason=bimorphic action=maybe_recompile pc=0x0000000002b535e4 method=java.io.DataInputStream.readInt()I @ 4
Event: 10.161 Thread 0x0000000017d0b000 Uncommon trap: reason=unstable_if action=reinterpret pc=0x0000000002b4f754 method=sun.text.normalizer.TrieIterator.checkNullNextTrailIndex()Z @ 4
Event: 10.182 Thread 0x0000000017d0b000 Uncommon trap: reason=unstable_if action=reinterpret pc=0x0000000002b7a064 method=sun.text.normalizer.TrieIterator.checkNullNextTrailIndex()Z @ 4
Event: 10.318 Thread 0x0000000017d0b000 Uncommon trap: reason=unstable_if action=reinterpret pc=0x0000000002b81bcc method=sun.text.normalizer.TrieIterator.calculateNextSupplementaryElement(Lsun/text/normalizer/RangeValueIterator$Element;)V @ 145
Event: 10.318 Thread 0x0000000017d0b000 Uncommon trap: reason=unstable_if action=reinterpret pc=0x0000000002b834b0 method=sun.text.normalizer.TrieIterator.next(Lsun/text/normalizer/RangeValueIterator$Element;)Z @ 6
Event: 10.393 Thread 0x0000000017d0b000 Uncommon trap: reason=unstable_if action=reinterpret pc=0x0000000002b7982c method=sun.text.normalizer.UnicodeSet.findCodePoint(I)I @ 32
Event: 10.809 Thread 0x0000000017cca000 Uncommon trap: reason=unstable_if action=reinterpret pc=0x0000000002a7a9a0 method=javafx.beans.property.ObjectPropertyBase.get()Ljava/lang/Object; @ 9
Event: 10.818 Thread 0x0000000017cca000 Uncommon trap: reason=unstable_if action=reinterpret pc=0x0000000002b3b9d4 method=java.io.ByteArrayInputStream.read()I @ 8
Event: 18.519 Thread 0x000000001d07d800 Uncommon trap: reason=predicate action=maybe_recompile pc=0x0000000002b67a60 method=java.util.regex.Pattern$Curly.match(Ljava/util/regex/Matcher;ILjava/lang/CharSequence;)Z @ 12
Event: 18.519 Thread 0x000000001d07d800 Uncommon trap: reason=predicate action=maybe_recompile pc=0x0000000002b5bf4c method=java.util.regex.Pattern$Curly.match(Ljava/util/regex/Matcher;ILjava/lang/CharSequence;)Z @ 12

Internal exceptions (10 events):
Event: 9.965 Thread 0x0000000017a26800 Exception <a 'sun/java2d/InvalidPipeException': bounds changed> (0x00000000ec1ad0d0) thrown at [C:\re\workspace\8-2-build-windows-amd64-cygwin\jdk8u60\4407\hotspot\src\share\vm\prims\jni.cpp, line 735]
Event: 9.994 Thread 0x0000000017a26800 Exception <a 'sun/java2d/InvalidPipeException': bounds changed> (0x00000000ec488008) thrown at [C:\re\workspace\8-2-build-windows-amd64-cygwin\jdk8u60\4407\hotspot\src\share\vm\prims\jni.cpp, line 735]
Event: 10.005 Thread 0x0000000017a26800 Exception <a 'sun/java2d/InvalidPipeException': bounds changed> (0x00000000ec652a80) thrown at [C:\re\workspace\8-2-build-windows-amd64-cygwin\jdk8u60\4407\hotspot\src\share\vm\prims\jni.cpp, line 735]
Event: 10.014 Thread 0x0000000017a26800 Exception <a 'sun/java2d/InvalidPipeException': bounds changed> (0x00000000ec69fed8) thrown at [C:\re\workspace\8-2-build-windows-amd64-cygwin\jdk8u60\4407\hotspot\src\share\vm\prims\jni.cpp, line 735]
Event: 10.061 Thread 0x0000000017a26800 Exception <a 'sun/java2d/InvalidPipeException': bounds changed> (0x00000000ecba4da8) thrown at [C:\re\workspace\8-2-build-windows-amd64-cygwin\jdk8u60\4407\hotspot\src\share\vm\prims\jni.cpp, line 735]
Event: 10.164 Thread 0x0000000017a26800 Exception <a 'sun/java2d/InvalidPipeException': bounds changed> (0x00000000eb508630) thrown at [C:\re\workspace\8-2-build-windows-amd64-cygwin\jdk8u60\4407\hotspot\src\share\vm\prims\jni.cpp, line 735]
Event: 10.250 Thread 0x0000000017a26800 Exception <a 'sun/java2d/InvalidPipeException': bounds changed> (0x00000000eb43ca88) thrown at [C:\re\workspace\8-2-build-windows-amd64-cygwin\jdk8u60\4407\hotspot\src\share\vm\prims\jni.cpp, line 735]
Event: 20.009 Thread 0x0000000017cca000 Exception <a 'java/lang/ClassNotFoundException': sun/net/www/protocol/about/Handler> (0x00000000eecdf970) thrown at [C:\re\workspace\8-2-build-windows-amd64-cygwin\jdk8u60\4407\hotspot\src\share\vm\classfile\systemDictionary.cpp, line 210]
Event: 20.023 Thread 0x0000000017cca000 Exception <a 'java/lang/ClassNotFoundException': sun/net/www/protocol/about/Handler> (0x00000000eed1c2f0) thrown at [C:\re\workspace\8-2-build-windows-amd64-cygwin\jdk8u60\4407\hotspot\src\share\vm\classfile\systemDictionary.cpp, line 210]
Event: 20.026 Thread 0x0000000017cca000 Exception <a 'java/lang/ClassNotFoundException': sun/net/www/protocol/about/Handler> (0x00000000eed522e0) thrown at [C:\re\workspace\8-2-build-windows-amd64-cygwin\jdk8u60\4407\hotspot\src\share\vm\classfile\systemDictionary.cpp, line 210]

Events (10 events):
Event: 20.506 Executing VM operation: RevokeBias
Event: 20.506 Executing VM operation: RevokeBias done
Event: 20.506 Executing VM operation: RevokeBias
Event: 20.506 Executing VM operation: RevokeBias done
Event: 20.514 Thread 0x00000000148b7800 flushing nmethod 0x0000000002405910
Event: 20.514 Thread 0x00000000148b7800 flushing nmethod 0x000000000241aed0
Event: 20.514 Thread 0x00000000148b7800 flushing nmethod 0x0000000002422f50
Event: 20.515 Thread 0x00000000148b7800 flushing nmethod 0x0000000002498950
Event: 20.515 Thread 0x00000000148b7800 flushing nmethod 0x00000000024bd150
Event: 20.515 Thread 0x00000000148b7800 flushing nmethod 0x00000000024d4510


Dynamic libraries:
0x00007ff758740000 - 0x00007ff758777000 	C:\Program Files\Java\jdk1.8.0_60\bin\java.exe
0x00007ffc2a200000 - 0x00007ffc2a3a9000 	C:\Windows\SYSTEM32\ntdll.dll
0x00007ffc27ec0000 - 0x00007ffc27ffa000 	C:\Windows\system32\KERNEL32.DLL
0x00007ffc27650000 - 0x00007ffc2775f000 	C:\Windows\system32\KERNELBASE.dll
0x00007ffc29fb0000 - 0x00007ffc2a055000 	C:\Windows\system32\ADVAPI32.dll
0x00007ffc29e30000 - 0x00007ffc29fa1000 	C:\Windows\system32\USER32.dll
0x00007ffc25630000 - 0x00007ffc2588a000 	C:\Windows\WinSxS\amd64_microsoft.windows.common-controls_6595b64144ccf1df_6.0.9600.16384_none_62475f7becb72503\COMCTL32.dll
0x00007ffc27c60000 - 0x00007ffc27d07000 	C:\Windows\system32\msvcrt.dll
0x00007ffc27bf0000 - 0x00007ffc27c47000 	C:\Windows\SYSTEM32\sechost.dll
0x00007ffc2a0c0000 - 0x00007ffc2a1f6000 	C:\Windows\system32\RPCRT4.dll
0x00007ffc27aa0000 - 0x00007ffc27be5000 	C:\Windows\system32\GDI32.dll
0x00007ffc28030000 - 0x00007ffc28064000 	C:\Windows\system32\IMM32.DLL
0x00007ffc28250000 - 0x00007ffc28389000 	C:\Windows\system32\MSCTF.dll
0x0000000074b80000 - 0x0000000074c52000 	C:\Program Files\Java\jdk1.8.0_60\jre\bin\msvcr100.dll
0x00000000742f0000 - 0x0000000074b79000 	C:\Program Files\Java\jdk1.8.0_60\jre\bin\server\jvm.dll
0x00007ffc1a1f0000 - 0x00007ffc1a1f9000 	C:\Windows\SYSTEM32\WSOCK32.dll
0x00007ffc254e0000 - 0x00007ffc254ff000 	C:\Windows\SYSTEM32\WINMM.dll
0x00007ffc26870000 - 0x00007ffc2687a000 	C:\Windows\SYSTEM32\VERSION.dll
0x00007ffc27a90000 - 0x00007ffc27a97000 	C:\Windows\system32\PSAPI.DLL
0x00007ffc2a060000 - 0x00007ffc2a0b8000 	C:\Windows\system32\WS2_32.dll
0x00007ffc254b0000 - 0x00007ffc254da000 	C:\Windows\SYSTEM32\WINMMBASE.dll
0x00007ffc28000000 - 0x00007ffc28009000 	C:\Windows\system32\NSI.dll
0x00007ffc277b0000 - 0x00007ffc277fa000 	C:\Windows\SYSTEM32\cfgmgr32.dll
0x00007ffc26310000 - 0x00007ffc26336000 	C:\Windows\SYSTEM32\DEVOBJ.dll
0x00000000742e0000 - 0x00000000742ef000 	C:\Program Files\Java\jdk1.8.0_60\jre\bin\verify.dll
0x00000000742b0000 - 0x00000000742d9000 	C:\Program Files\Java\jdk1.8.0_60\jre\bin\java.dll
0x0000000074290000 - 0x00000000742a6000 	C:\Program Files\Java\jdk1.8.0_60\jre\bin\zip.dll
0x00007ffc284e0000 - 0x00007ffc298ee000 	C:\Windows\system32\SHELL32.dll
0x00007ffc29c50000 - 0x00007ffc29e27000 	C:\Windows\SYSTEM32\combase.dll
0x00007ffc29950000 - 0x00007ffc299a1000 	C:\Windows\system32\SHLWAPI.dll
0x00007ffc25a70000 - 0x00007ffc25b11000 	C:\Windows\SYSTEM32\SHCORE.dll
0x00007ffc27580000 - 0x00007ffc27594000 	C:\Windows\SYSTEM32\profapi.dll
0x00007ffc25c30000 - 0x00007ffc25c40000 	C:\Program Files (x86)\JetBrains\IntelliJ IDEA 14.1.4\bin\breakgen64.dll
0x00000000740f0000 - 0x0000000074288000 	C:\Program Files\Java\jdk1.8.0_60\jre\bin\awt.dll
0x00007ffc299b0000 - 0x00007ffc29a67000 	C:\Windows\system32\OLEAUT32.dll
0x00007ffc26050000 - 0x00007ffc260db000 	C:\Windows\system32\apphelp.dll
0x00000000740d0000 - 0x00000000740ea000 	C:\Program Files\Java\jdk1.8.0_60\jre\bin\net.dll
0x00007ffc26de0000 - 0x00007ffc26e38000 	C:\Windows\system32\mswsock.dll
0x00007ffc25890000 - 0x00007ffc258b1000 	C:\Windows\system32\DWMAPI.DLL
0x00007ffc26190000 - 0x00007ffc262b2000 	C:\Windows\system32\uxtheme.dll
0x00007ffc1acb0000 - 0x00007ffc1ad89000 	C:\Program Files\Hewlett-Packard\HP ProtectTools Security Manager\Bin\DpoFeedb.dll
0x00007ffc26b90000 - 0x00007ffc26baf000 	C:\Windows\SYSTEM32\USERENV.dll
0x00007ffc29a70000 - 0x00007ffc29be5000 	C:\Windows\system32\ole32.dll
0x00007ffc260e0000 - 0x00007ffc260ea000 	C:\Windows\SYSTEM32\kernel.appcore.dll
0x00007ffc27550000 - 0x00007ffc2755a000 	C:\Windows\SYSTEM32\CRYPTBASE.dll
0x00007ffc27380000 - 0x00007ffc273de000 	C:\Windows\SYSTEM32\bcryptPrimitives.dll
0x00007ffc1c2b0000 - 0x00007ffc1c307000 	C:\Program Files\Hewlett-Packard\HP ProtectTools Security Manager\Bin\DpoSet.dll
0x0000000074080000 - 0x00000000740c7000 	C:\Program Files\Java\jdk1.8.0_60\jre\bin\fontmanager.dll
0x0000000074060000 - 0x0000000074071000 	C:\Program Files\Java\jdk1.8.0_60\jre\bin\nio.dll
0x0000000074010000 - 0x0000000074052000 	C:\Program Files\Java\jdk1.8.0_60\jre\bin\t2k.dll
0x00007ffc28390000 - 0x00007ffc28434000 	C:\Windows\SYSTEM32\clbcatq.dll
0x00007ffc24930000 - 0x00007ffc24ac3000 	C:\Windows\SYSTEM32\WindowsCodecs.dll
0x00007ffc26e40000 - 0x00007ffc26e5e000 	C:\Windows\SYSTEM32\CRYPTSP.dll
0x00007ffc26a80000 - 0x00007ffc26ab5000 	C:\Windows\system32\rsaenh.dll
0x00007ffc27070000 - 0x00007ffc27096000 	C:\Windows\SYSTEM32\bcrypt.dll
0x00007ffc1bd50000 - 0x00007ffc1be3f000 	C:\Program Files\Java\jdk1.8.0_60\jre\bin\msvcr120.dll
0x00007ffc20a60000 - 0x00007ffc20b06000 	C:\Program Files\Java\jdk1.8.0_60\jre\bin\msvcp120.dll
0x0000000073fe0000 - 0x0000000074003000 	C:\Program Files\Java\jdk1.8.0_60\jre\bin\prism_d3d.dll
0x00007ffc16d60000 - 0x00007ffc16f6a000 	C:\Windows\system32\d3d9.dll
0x00007ffc24dd0000 - 0x00007ffc2501d000 	C:\Windows\SYSTEM32\d3d10warp.dll
0x0000000073f90000 - 0x0000000073fd3000 	C:\Program Files\Java\jdk1.8.0_60\jre\bin\glass.dll
0x00007ffc28440000 - 0x00007ffc284da000 	C:\Windows\system32\COMDLG32.dll
0x0000000073f60000 - 0x0000000073f8a000 	C:\Program Files\Java\jdk1.8.0_60\jre\bin\dcpr.dll
0x00000000719c0000 - 0x0000000073f4d000 	C:\Program Files\Java\jdk1.8.0_60\jre\bin\jfxwebkit.dll
0x00000000719a0000 - 0x00000000719b4000 	C:\Program Files\Java\jdk1.8.0_60\jre\bin\javafx_font.dll
0x00007ffc1b270000 - 0x00007ffc1b44f000 	C:\Windows\SYSTEM32\dwrite.dll
0x00007ffc26bf0000 - 0x00007ffc26c93000 	C:\Windows\SYSTEM32\DNSAPI.dll
0x00007ffc17ce0000 - 0x00007ffc17cf7000 	C:\Windows\system32\wlidnsp.dll
0x00007ffc27350000 - 0x00007ffc2737b000 	C:\Windows\SYSTEM32\SspiCli.dll
0x00007ffc27800000 - 0x00007ffc279d7000 	C:\Windows\system32\CRYPT32.dll
0x00007ffc27630000 - 0x00007ffc27642000 	C:\Windows\system32\MSASN1.dll
0x00007ffc26150000 - 0x00007ffc26159000 	C:\Windows\SYSTEM32\DPAPI.DLL
0x00007ffc19b90000 - 0x00007ffc19b99000 	C:\Windows\System32\rasadhlp.dll
0x00007ffc23200000 - 0x00007ffc23229000 	C:\Windows\SYSTEM32\IPHLPAPI.DLL
0x00007ffc231d0000 - 0x00007ffc231da000 	C:\Windows\SYSTEM32\WINNSI.DLL
0x00007ffc22d30000 - 0x00007ffc22d97000 	C:\Windows\System32\fwpuclnt.dll
0x0000000071980000 - 0x0000000071991000 	C:\Program Files\Java\jdk1.8.0_60\jre\bin\prism_common.dll
0x0000000071950000 - 0x0000000071973000 	C:\Program Files\Java\jdk1.8.0_60\jre\bin\javafx_iio.dll
0x00007ffc18540000 - 0x00007ffc186c8000 	C:\Windows\SYSTEM32\dbghelp.dll

VM Arguments:
jvm_args: -Didea.launcher.port=7535 -Didea.launcher.bin.path=C:\Program Files (x86)\JetBrains\IntelliJ IDEA 14.1.4\bin -Dfile.encoding=windows-1252 
java_command: com.intellij.rt.execution.application.AppMain main.Widged
java_class_path (initial): C:\Program Files\Java\jdk1.8.0_60\jre\lib\charsets.jar;C:\Program Files\Java\jdk1.8.0_60\jre\lib\deploy.jar;C:\Program Files\Java\jdk1.8.0_60\jre\lib\javaws.jar;C:\Program Files\Java\jdk1.8.0_60\jre\lib\jce.jar;C:\Program Files\Java\jdk1.8.0_60\jre\lib\jfr.jar;C:\Program Files\Java\jdk1.8.0_60\jre\lib\jfxswt.jar;C:\Program Files\Java\jdk1.8.0_60\jre\lib\jsse.jar;C:\Program Files\Java\jdk1.8.0_60\jre\lib\management-agent.jar;C:\Program Files\Java\jdk1.8.0_60\jre\lib\plugin.jar;C:\Program Files\Java\jdk1.8.0_60\jre\lib\resources.jar;C:\Program Files\Java\jdk1.8.0_60\jre\lib\rt.jar;C:\Program Files\Java\jdk1.8.0_60\jre\lib\ext\access-bridge-64.jar;C:\Program Files\Java\jdk1.8.0_60\jre\lib\ext\cldrdata.jar;C:\Program Files\Java\jdk1.8.0_60\jre\lib\ext\dnsns.jar;C:\Program Files\Java\jdk1.8.0_60\jre\lib\ext\jaccess.jar;C:\Program Files\Java\jdk1.8.0_60\jre\lib\ext\jfxrt.jar;C:\Program Files\Java\jdk1.8.0_60\jre\lib\ext\localedata.jar;C:\Program Files\Java\jdk1.8.0_60\jre\lib\ext\nashorn.jar;C:\Program Files\Java\jdk1.8.0_60\jre\lib\ext\sunec.jar;C:\Program Files\Java\jdk1.8.0_60\jre\lib\ext\sunjce_provider.jar;C:\Program Files\Java\jdk1.8.0_60\jre\lib\ext\sunmscapi.jar;C:\Program Files\Java\jdk1.8.0_60\jre\lib\ext\sunpkcs11.jar;C:\Program Files\Java\jdk1.8.0_60\jre\lib\ext\zipfs.jar;D:\Term Project\Web Browser\out\production\Web Browser;C:\Program Files (x86)\JetBrains\IntelliJ IDEA 14.1.4\lib\idea_rt.jar
Launcher Type: SUN_STANDARD

Environment Variables:
PATH=C:\ProgramData\Oracle\Java\javapath;C:\Program Files (x86)\Intel\iCLS Client\;C:\Program Files\Intel\iCLS Client\;C:\Windows\system32;C:\Windows;C:\Windows\System32\Wbem;C:\Windows\System32\WindowsPowerShell\v1.0\;C:\Program Files\Intel\Intel(R) Management Engine Components\DAL;C:\Program Files\Intel\Intel(R) Management Engine Components\IPT;C:\Program Files (x86)\Intel\Intel(R) Management Engine Components\DAL;C:\Program Files (x86)\Intel\Intel(R) Management Engine Components\IPT;C:\Program Files (x86)\ATI Technologies\ATI.ACE\Core-Static;C:\Program Files (x86)\Microsoft SQL Server\100\Tools\Binn\;C:\Program Files\Microsoft SQL Server\100\Tools\Binn\;C:\Program Files\Microsoft SQL Server\100\DTS\Binn\;C:\Python26;C:\Program Files (x86)\Common Files\lenovo\easyplussdk\bin;C:\Program Files\Git\cmd;D:\Programming\Codeblocks\MinGW\bin;C:\Program Files\Java\jdk1.8.0_60\bin
USERNAME=HP
OS=Windows_NT
PROCESSOR_IDENTIFIER=Intel64 Family 6 Model 60 Stepping 3, GenuineIntel



---------------  S Y S T E M  ---------------

OS: Windows 8.1 , 64 bit Build 9600 (6.3.9600.16384)

CPU:total 4 (2 cores per cpu, 2 threads per core) family 6 model 60 stepping 3, cmov, cx8, fxsr, mmx, sse, sse2, sse3, ssse3, sse4.1, sse4.2, popcnt, avx, avx2, aes, clmul, erms, lzcnt, ht, tsc, tscinvbit, bmi1, bmi2

Memory: 4k page, physical 4072552k(1508848k free), swap 4924520k(1494772k free)

vm_info: Java HotSpot(TM) 64-Bit Server VM (25.60-b23) for windows-amd64 JRE (1.8.0_60-b27), built on Aug  4 2015 11:06:27 by "java_re" with MS VC++ 10.0 (VS2010)

time: Wed Dec 23 10:16:23 2015
elapsed time: 20 seconds (0d 0h 0m 20s)

