#
# A fatal error has been detected by the Java Runtime Environment:
#
#  EXCEPTION_ACCESS_VIOLATION (0xc0000005) at pc=0x00000000723fa047, pid=5612, tid=7568
#
# JRE version: Java(TM) SE Runtime Environment (8.0_60-b27) (build 1.8.0_60-b27)
# Java VM: Java HotSpot(TM) 64-Bit Server VM (25.60-b23 mixed mode windows-amd64 compressed oops)
# Problematic frame:
# C  [jfxwebkit.dll+0x7da047]
#
# Failed to write core dump. Minidumps are not enabled by default on client versions of Windows
#
# If you would like to submit a bug report, please visit:
#   http://bugreport.java.com/bugreport/crash.jsp
# The crash happened outside the Java Virtual Machine in native code.
# See problematic frame for where to report the bug.
#

---------------  T H R E A D  ---------------

Current thread (0x0000000016cdc000):  JavaThread "JavaFX Application Thread" [_thread_in_native, id=7568, stack(0x00000000177e0000,0x00000000178e0000)]

siginfo: ExceptionCode=0xc0000005, reading address 0x0000000000000459

Registers:
RAX=0x0000000000000000, RBX=0x0000000018a7ec90, RCX=0x000000000000004b, RDX=0x0000000025c830a0
RSP=0x00000000178dd650, RBP=0x0000000000000000, RSI=0x000000001c45cd00, RDI=0x0000000072d8cba8
R8 =0x0000000025c830b0, R9 =0x000000001f424840, R10=0x0000000025c830b0, R11=0x000000001c2db802
R12=0x00000000178dd950, R13=0x000000001e4e0160, R14=0x00000000178dd820, R15=0x00000000178dd950
RIP=0x00000000723fa047, EFLAGS=0x0000000000010246

Top of Stack: (sp=0x00000000178dd650)
0x00000000178dd650:   0000000018a7ec90 000000001c45cd00
0x00000000178dd660:   0000000000000000 000000001c45cd00
0x00000000178dd670:   000000001c43f120 000000001c45cd00
0x00000000178dd680:   fffffffffffffffe 00000000178dd950
0x00000000178dd690:   000000001c43f120 000000001c45cd00
0x00000000178dd6a0:   0000000025af50e0 00000000723fed99
0x00000000178dd6b0:   000000001c45cd00 000000001c45cd00
0x00000000178dd6c0:   00000000178dd820 0000000000000000
0x00000000178dd6d0:   000000001c43e200 000000007279545c
0x00000000178dd6e0:   fffffffffffffffe 000000001c43f120
0x00000000178dd6f0:   000000041c45cd03 0000000700000007
0x00000000178dd700:   0000001f00000007 0000002a0000001f
0x00000000178dd710:   0000007700000036 0000000000000077
0x00000000178dd720:   0000000016cdc000 00000000178dd948
0x00000000178dd730:   0000000000000000 00000000178dd950
0x00000000178dd740:   00000000178dd820 00000000723fa0f1 

Instructions: (pc=0x00000000723fa047)
0x00000000723fa027:   ff 57 18 48 8d 8e e0 00 00 00 49 8b d6 e8 77 84
0x00000000723fa037:   fd ff 41 f6 87 b0 00 00 00 04 75 2b 48 8b 46 20
0x00000000723fa047:   40 38 a8 59 04 00 00 75 1e 48 8b 46 18 48 85 c0
0x00000000723fa057:   74 07 48 8d a8 88 00 00 00 48 8b 4d 08 48 8b 01 


Register to memory mapping:

RAX=0x0000000000000000 is an unknown value
RBX=0x0000000018a7ec90 is an unknown value
RCX=0x000000000000004b is an unknown value
RDX=0x0000000025c830a0 is an unknown value
RSP=0x00000000178dd650 is pointing into the stack for thread: 0x0000000016cdc000
RBP=0x0000000000000000 is an unknown value
RSI=0x000000001c45cd00 is an unknown value
RDI=0x0000000072d8cba8 is an unknown value
R8 =0x0000000025c830b0 is an unknown value
R9 =0x000000001f424840 is an unknown value
R10=0x0000000025c830b0 is an unknown value
R11=0x000000001c2db802 is an unknown value
R12=0x00000000178dd950 is pointing into the stack for thread: 0x0000000016cdc000
R13={method} {0x000000001e4e0168} 'twkWillSendRequest' '(Ljava/lang/String;Ljava/lang/String;ILjava/lang/String;Ljava/lang/String;JLjava/lang/String;Ljava/lang/String;J)Z' in 'com/sun/webkit/network/URLLoader'
R14=0x00000000178dd820 is pointing into the stack for thread: 0x0000000016cdc000
R15=0x00000000178dd950 is pointing into the stack for thread: 0x0000000016cdc000


Stack: [0x00000000177e0000,0x00000000178e0000],  sp=0x00000000178dd650,  free space=1013k
Native frames: (J=compiled Java code, j=interpreted, Vv=VM code, C=native code)

Java frames: (J=compiled Java code, j=interpreted, Vv=VM code)
j  com.sun.webkit.network.URLLoader.twkWillSendRequest(Ljava/lang/String;Ljava/lang/String;ILjava/lang/String;Ljava/lang/String;JLjava/lang/String;Ljava/lang/String;J)Z+0
j  com.sun.webkit.network.URLLoader.notifyWillSendRequest(Ljava/lang/String;Ljava/lang/String;ILjava/lang/String;Ljava/lang/String;JLjava/lang/String;Ljava/lang/String;)Z+107
j  com.sun.webkit.network.URLLoader.lambda$willSendRequest$93(Ljava/lang/String;Ljava/lang/String;ILjava/lang/String;Ljava/lang/String;JLjava/lang/String;Ljava/lang/String;Ljava/util/concurrent/CountDownLatch;)V+21
j  com.sun.webkit.network.URLLoader$$Lambda$276.run()V+40
J 3241 C1 com.sun.javafx.application.PlatformImpl$$Lambda$52.run()Ljava/lang/Object; (8 bytes) @ 0x0000000002d59f4c [0x0000000002d59e00+0x14c]
v  ~StubRoutines::call_stub
J 1476  java.security.AccessController.doPrivileged(Ljava/security/PrivilegedAction;Ljava/security/AccessControlContext;)Ljava/lang/Object; (0 bytes) @ 0x000000000285c1e6 [0x000000000285c180+0x66]
J 3238 C1 com.sun.javafx.application.PlatformImpl.lambda$runLater$175(Ljava/lang/Runnable;Ljava/security/AccessControlContext;)V (38 bytes) @ 0x0000000002d5fcd4 [0x0000000002d5f8c0+0x414]
J 3237 C1 com.sun.javafx.application.PlatformImpl$$Lambda$50.run()V (12 bytes) @ 0x0000000002d60704 [0x0000000002d60680+0x84]
J 2139 C1 com.sun.glass.ui.InvokeLaterDispatcher$Future.run()V (91 bytes) @ 0x0000000002a0520c [0x0000000002a05100+0x10c]
v  ~StubRoutines::call_stub
j  com.sun.glass.ui.win.WinApplication._runLoop(Ljava/lang/Runnable;)V+0
j  com.sun.glass.ui.win.WinApplication.lambda$null$149(ILjava/lang/Runnable;)V+8
j  com.sun.glass.ui.win.WinApplication$$Lambda$40.run()V+12
j  java.lang.Thread.run()V+11
v  ~StubRoutines::call_stub

---------------  P R O C E S S  ---------------

Java Threads: ( => current thread )
  0x0000000016742000 JavaThread "URL-Loader-31" daemon [_thread_blocked, id=7088, stack(0x0000000026b30000,0x0000000026c30000)]
  0x0000000016745000 JavaThread "URL-Loader-30" daemon [_thread_blocked, id=7448, stack(0x0000000026a30000,0x0000000026b30000)]
  0x0000000016740800 JavaThread "URL-Loader-29" daemon [_thread_blocked, id=6580, stack(0x0000000024e30000,0x0000000024f30000)]
  0x0000000016741000 JavaThread "URL-Loader-28" daemon [_thread_blocked, id=2964, stack(0x000000001feb0000,0x000000001ffb0000)]
  0x000000001673e000 JavaThread "URL-Loader-27" daemon [_thread_blocked, id=5936, stack(0x0000000024680000,0x0000000024780000)]
  0x0000000016738000 JavaThread "URL-Loader-26" daemon [_thread_blocked, id=2896, stack(0x0000000024580000,0x0000000024680000)]
  0x000000001673a000 JavaThread "URL-Loader-25" daemon [_thread_blocked, id=5940, stack(0x0000000023290000,0x0000000023390000)]
  0x000000001673b000 JavaThread "URL-Loader-24" daemon [_thread_blocked, id=3776, stack(0x0000000022f90000,0x0000000023090000)]
  0x0000000016738800 JavaThread "URL-Loader-23" daemon [_thread_blocked, id=728, stack(0x000000001fab0000,0x000000001fbb0000)]
  0x0000000016739800 JavaThread "URL-Loader-22" daemon [_thread_blocked, id=4620, stack(0x000000001f9b0000,0x000000001fab0000)]
  0x0000000016737000 JavaThread "URL-Loader-21" daemon [_thread_blocked, id=4668, stack(0x000000001e6d0000,0x000000001e7d0000)]
  0x000000001673f800 JavaThread "Java2D Disposer" daemon [_thread_blocked, id=6084, stack(0x0000000027030000,0x0000000027130000)]
  0x000000001673d800 JavaThread "URL-Loader-20" daemon [_thread_in_native, id=7592, stack(0x0000000024f30000,0x0000000025030000)]
  0x000000001673c800 JavaThread "URL-Loader-13" daemon [_thread_blocked, id=6872, stack(0x0000000024480000,0x0000000024580000)]
  0x0000000016736800 JavaThread "URL-Loader-12" daemon [_thread_blocked, id=1428, stack(0x0000000023190000,0x0000000023290000)]
  0x000000001d76b800 JavaThread "URL-Loader-10" daemon [_thread_blocked, id=6824, stack(0x0000000020310000,0x0000000020410000)]
  0x000000001d76c000 JavaThread "Watchdog-Timer-1" daemon [_thread_blocked, id=4320, stack(0x00000000201f0000,0x00000000202f0000)]
  0x000000001d76a800 JavaThread "URL-Loader-9" daemon [_thread_blocked, id=3720, stack(0x00000000200b0000,0x00000000201b0000)]
  0x000000001d767000 JavaThread "URL-Loader-8" daemon [_thread_blocked, id=3432, stack(0x000000001ffb0000,0x00000000200b0000)]
  0x000000001d766000 JavaThread "URL-Loader-6" daemon [_thread_blocked, id=3668, stack(0x000000001fdb0000,0x000000001feb0000)]
  0x000000001d769000 JavaThread "URL-Loader-5" daemon [_thread_blocked, id=5052, stack(0x000000001fcb0000,0x000000001fdb0000)]
  0x000000001d765800 JavaThread "URL-Loader-4" daemon [_thread_blocked, id=5128, stack(0x000000001fbb0000,0x000000001fcb0000)]
  0x000000001d531000 JavaThread "Keep-Alive-Timer" daemon [_thread_blocked, id=4496, stack(0x000000001ecb0000,0x000000001edb0000)]
  0x000000001726c000 JavaThread "Disposer" daemon [_thread_blocked, id=4344, stack(0x000000001b1a0000,0x000000001b2a0000)]
  0x0000000017162000 JavaThread "Prism Font Disposer" daemon [_thread_blocked, id=7736, stack(0x0000000019fb0000,0x000000001a0b0000)]
  0x0000000016d70000 JavaThread "Thread-3" daemon [_thread_in_native, id=348, stack(0x0000000018040000,0x0000000018140000)]
=>0x0000000016cdc000 JavaThread "JavaFX Application Thread" [_thread_in_native, id=7568, stack(0x00000000177e0000,0x00000000178e0000)]
  0x0000000016d11000 JavaThread "Thread-2" daemon [_thread_blocked, id=6964, stack(0x00000000176e0000,0x00000000177e0000)]
  0x0000000016d01800 JavaThread "QuantumRenderer-0" daemon [_thread_in_native, id=7764, stack(0x00000000174b0000,0x00000000175b0000)]
  0x00000000167e2800 JavaThread "JavaFX-Launcher" [_thread_blocked, id=4268, stack(0x0000000016bb0000,0x0000000016cb0000)]
  0x0000000016483800 JavaThread "Monitor Ctrl-Break" daemon [_thread_in_native, id=5620, stack(0x00000000169f0000,0x0000000016af0000)]
  0x00000000149ce800 JavaThread "Service Thread" daemon [_thread_blocked, id=6368, stack(0x00000000167f0000,0x00000000168f0000)]
  0x0000000014998000 JavaThread "C1 CompilerThread2" daemon [_thread_blocked, id=4540, stack(0x00000000162f0000,0x00000000163f0000)]
  0x0000000014974800 JavaThread "C2 CompilerThread1" daemon [_thread_blocked, id=1836, stack(0x00000000161f0000,0x00000000162f0000)]
  0x000000001496e000 JavaThread "C2 CompilerThread0" daemon [_thread_blocked, id=7208, stack(0x00000000160f0000,0x00000000161f0000)]
  0x000000001496b800 JavaThread "Attach Listener" daemon [_thread_blocked, id=240, stack(0x0000000015ff0000,0x00000000160f0000)]
  0x000000001496a000 JavaThread "Signal Dispatcher" daemon [_thread_blocked, id=5012, stack(0x0000000015ef0000,0x0000000015ff0000)]
  0x0000000002397000 JavaThread "Finalizer" daemon [_thread_blocked, id=5252, stack(0x0000000015bd0000,0x0000000015cd0000)]
  0x000000000238e000 JavaThread "Reference Handler" daemon [_thread_blocked, id=7900, stack(0x0000000015ad0000,0x0000000015bd0000)]
  0x000000000219e000 JavaThread "main" [_thread_blocked, id=7348, stack(0x00000000021a0000,0x00000000022a0000)]

Other Threads:
  0x0000000014937800 VMThread [stack: 0x00000000159d0000,0x0000000015ad0000] [id=3384]
  0x000000001642d800 WatcherThread [stack: 0x00000000168f0000,0x00000000169f0000] [id=5124]

VM state:not at safepoint (normal execution)

VM Mutex/Monitor currently owned by a thread: None

Heap:
 PSYoungGen      total 175104K, used 74564K [0x00000000eb400000, 0x00000000fc880000, 0x0000000100000000)
  eden space 167936K, 44% used [0x00000000eb400000,0x00000000efcd11c8,0x00000000f5800000)
  from space 7168K, 0% used [0x00000000f5800000,0x00000000f5800000,0x00000000f5f00000)
  to   space 7168K, 0% used [0x00000000fc180000,0x00000000fc180000,0x00000000fc880000)
 ParOldGen       total 32768K, used 10947K [0x00000000c1c00000, 0x00000000c3c00000, 0x00000000eb400000)
  object space 32768K, 33% used [0x00000000c1c00000,0x00000000c26b0f48,0x00000000c3c00000)
 Metaspace       used 24695K, capacity 25766K, committed 25928K, reserved 1071104K
  class space    used 3346K, capacity 3600K, committed 3660K, reserved 1048576K

Card table byte_map: [0x0000000011760000,0x0000000011960000] byte_map_base: 0x0000000011152000

Marking Bits: (ParMarkBitMap*) 0x0000000074c8a5b0
 Begin Bits: [0x0000000011eb0000, 0x0000000012e40000)
 End Bits:   [0x0000000012e40000, 0x0000000013dd0000)

Polling page: 0x00000000020d0000

CodeCache: size=245760Kb used=12363Kb max_used=12374Kb free=233396Kb
 bounds [0x00000000023a0000, 0x0000000002fd0000, 0x00000000113a0000]
 total_blobs=4852 nmethods=4020 adapters=743
 compilation: enabled

Compilation events (10 events):
Event: 31.501 Thread 0x0000000014998000 4631       3       javafx.scene.layout.Region::getMaxWidth (22 bytes)
Event: 31.501 Thread 0x0000000014998000 nmethod 4631 0x0000000002a20210 code [0x0000000002a20380, 0x0000000002a20748]
Event: 31.503 Thread 0x0000000014998000 4634       3       com.sun.javafx.sg.prism.NGShape::geometryChanged (45 bytes)
Event: 31.504 Thread 0x0000000014998000 nmethod 4634 0x0000000002a1edd0 code [0x0000000002a1efe0, 0x0000000002a1fd58]
Event: 32.044 Thread 0x000000001496e000 4635       4       com.sun.javafx.sg.prism.NGRegion::getNormalizedFillRadii (43 bytes)
Event: 32.046 Thread 0x000000001496e000 nmethod 4635 0x0000000002a1e850 code [0x0000000002a1e9c0, 0x0000000002a1eb58]
Event: 32.057 Thread 0x0000000014998000 4636   !   3       sun.net.www.protocol.http.HttpURLConnection::getHeaderField (44 bytes)
Event: 32.057 Thread 0x0000000014998000 nmethod 4636 0x0000000002dec7d0 code [0x0000000002dec980, 0x0000000002deccc8]
Event: 32.057 Thread 0x0000000014998000 4637   !   3       com.sun.javafx.binding.ExpressionHelper$SingleChange::fireValueChangedEvent (96 bytes)
Event: 32.057 Thread 0x0000000014974800 4638       4       java.util.LinkedList$ListItr::hasNext (20 bytes)

GC Heap History (10 events):
Event: 5.437 GC heap before
{Heap before GC invocations=10 (full 0):
 PSYoungGen      total 73216K, used 65789K [0x00000000eb400000, 0x00000000f2980000, 0x0000000100000000)
  eden space 65536K, 99% used [0x00000000eb400000,0x00000000ef3fec98,0x00000000ef400000)
  from space 7680K, 3% used [0x00000000ef400000,0x00000000ef4409c0,0x00000000efb80000)
  to   space 7680K, 0% used [0x00000000f2200000,0x00000000f2200000,0x00000000f2980000)
 ParOldGen       total 44032K, used 20348K [0x00000000c1c00000, 0x00000000c4700000, 0x00000000eb400000)
  object space 44032K, 46% used [0x00000000c1c00000,0x00000000c2fdf010,0x00000000c4700000)
 Metaspace       used 20226K, capacity 21150K, committed 21296K, reserved 1067008K
  class space    used 2943K, capacity 3174K, committed 3200K, reserved 1048576K
Event: 5.440 GC heap after
Heap after GC invocations=10 (full 0):
 PSYoungGen      total 112640K, used 441K [0x00000000eb400000, 0x00000000f2980000, 0x0000000100000000)
  eden space 104960K, 0% used [0x00000000eb400000,0x00000000eb400000,0x00000000f1a80000)
  from space 7680K, 5% used [0x00000000f2200000,0x00000000f226e4c0,0x00000000f2980000)
  to   space 7680K, 0% used [0x00000000f1a80000,0x00000000f1a80000,0x00000000f2200000)
 ParOldGen       total 44032K, used 20356K [0x00000000c1c00000, 0x00000000c4700000, 0x00000000eb400000)
  object space 44032K, 46% used [0x00000000c1c00000,0x00000000c2fe1010,0x00000000c4700000)
 Metaspace       used 20226K, capacity 21150K, committed 21296K, reserved 1067008K
  class space    used 2943K, capacity 3174K, committed 3200K, reserved 1048576K
}
Event: 5.472 GC heap before
{Heap before GC invocations=11 (full 0):
 PSYoungGen      total 112640K, used 7724K [0x00000000eb400000, 0x00000000f2980000, 0x0000000100000000)
  eden space 104960K, 6% used [0x00000000eb400000,0x00000000ebb1ce50,0x00000000f1a80000)
  from space 7680K, 5% used [0x00000000f2200000,0x00000000f226e4c0,0x00000000f2980000)
  to   space 7680K, 0% used [0x00000000f1a80000,0x00000000f1a80000,0x00000000f2200000)
 ParOldGen       total 44032K, used 20356K [0x00000000c1c00000, 0x00000000c4700000, 0x00000000eb400000)
  object space 44032K, 46% used [0x00000000c1c00000,0x00000000c2fe1010,0x00000000c4700000)
 Metaspace       used 20251K, capacity 21278K, committed 21552K, reserved 1067008K
  class space    used 2943K, capacity 3174K, committed 3200K, reserved 1048576K
Event: 5.473 GC heap after
Heap after GC invocations=11 (full 0):
 PSYoungGen      total 112640K, used 286K [0x00000000eb400000, 0x00000000f6700000, 0x0000000100000000)
  eden space 104960K, 0% used [0x00000000eb400000,0x00000000eb400000,0x00000000f1a80000)
  from space 7680K, 3% used [0x00000000f1a80000,0x00000000f1ac7968,0x00000000f2200000)
  to   space 7680K, 0% used [0x00000000f5f80000,0x00000000f5f80000,0x00000000f6700000)
 ParOldGen       total 44032K, used 20364K [0x00000000c1c00000, 0x00000000c4700000, 0x00000000eb400000)
  object space 44032K, 46% used [0x00000000c1c00000,0x00000000c2fe3010,0x00000000c4700000)
 Metaspace       used 20251K, capacity 21278K, committed 21552K, reserved 1067008K
  class space    used 2943K, capacity 3174K, committed 3200K, reserved 1048576K
}
Event: 5.545 GC heap before
{Heap before GC invocations=12 (full 0):
 PSYoungGen      total 112640K, used 8713K [0x00000000eb400000, 0x00000000f6700000, 0x0000000100000000)
  eden space 104960K, 8% used [0x00000000eb400000,0x00000000ebc3ac08,0x00000000f1a80000)
  from space 7680K, 3% used [0x00000000f1a80000,0x00000000f1ac7968,0x00000000f2200000)
  to   space 7680K, 0% used [0x00000000f5f80000,0x00000000f5f80000,0x00000000f6700000)
 ParOldGen       total 44032K, used 20364K [0x00000000c1c00000, 0x00000000c4700000, 0x00000000eb400000)
  object space 44032K, 46% used [0x00000000c1c00000,0x00000000c2fe3010,0x00000000c4700000)
 Metaspace       used 20619K, capacity 21566K, committed 21708K, reserved 1067008K
  class space    used 2978K, capacity 3206K, committed 3276K, reserved 1048576K
Event: 5.547 GC heap after
Heap after GC invocations=12 (full 0):
 PSYoungGen      total 174592K, used 640K [0x00000000eb400000, 0x00000000f6600000, 0x0000000100000000)
  eden space 167936K, 0% used [0x00000000eb400000,0x00000000eb400000,0x00000000f5800000)
  from space 6656K, 9% used [0x00000000f5f80000,0x00000000f6020010,0x00000000f6600000)
  to   space 7168K, 0% used [0x00000000f5800000,0x00000000f5800000,0x00000000f5f00000)
 ParOldGen       total 44032K, used 20586K [0x00000000c1c00000, 0x00000000c4700000, 0x00000000eb400000)
  object space 44032K, 46% used [0x00000000c1c00000,0x00000000c301a978,0x00000000c4700000)
 Metaspace       used 20619K, capacity 21566K, committed 21708K, reserved 1067008K
  class space    used 2978K, capacity 3206K, committed 3276K, reserved 1048576K
}
Event: 6.555 GC heap before
{Heap before GC invocations=13 (full 0):
 PSYoungGen      total 174592K, used 15113K [0x00000000eb400000, 0x00000000f6600000, 0x0000000100000000)
  eden space 167936K, 8% used [0x00000000eb400000,0x00000000ec222548,0x00000000f5800000)
  from space 6656K, 9% used [0x00000000f5f80000,0x00000000f6020010,0x00000000f6600000)
  to   space 7168K, 0% used [0x00000000f5800000,0x00000000f5800000,0x00000000f5f00000)
 ParOldGen       total 44032K, used 20586K [0x00000000c1c00000, 0x00000000c4700000, 0x00000000eb400000)
  object space 44032K, 46% used [0x00000000c1c00000,0x00000000c301a978,0x00000000c4700000)
 Metaspace       used 20945K, capacity 21922K, committed 21960K, reserved 1069056K
  class space    used 3011K, capacity 3254K, committed 3276K, reserved 1048576K
Event: 6.558 GC heap after
Heap after GC invocations=13 (full 0):
 PSYoungGen      total 175104K, used 912K [0x00000000eb400000, 0x00000000fc880000, 0x0000000100000000)
  eden space 167936K, 0% used [0x00000000eb400000,0x00000000eb400000,0x00000000f5800000)
  from space 7168K, 12% used [0x00000000f5800000,0x00000000f58e4050,0x00000000f5f00000)
  to   space 7168K, 0% used [0x00000000fc180000,0x00000000fc180000,0x00000000fc880000)
 ParOldGen       total 44032K, used 21118K [0x00000000c1c00000, 0x00000000c4700000, 0x00000000eb400000)
  object space 44032K, 47% used [0x00000000c1c00000,0x00000000c309f998,0x00000000c4700000)
 Metaspace       used 20945K, capacity 21922K, committed 21960K, reserved 1069056K
  class space    used 3011K, capacity 3254K, committed 3276K, reserved 1048576K
}
Event: 6.558 GC heap before
{Heap before GC invocations=14 (full 1):
 PSYoungGen      total 175104K, used 912K [0x00000000eb400000, 0x00000000fc880000, 0x0000000100000000)
  eden space 167936K, 0% used [0x00000000eb400000,0x00000000eb400000,0x00000000f5800000)
  from space 7168K, 12% used [0x00000000f5800000,0x00000000f58e4050,0x00000000f5f00000)
  to   space 7168K, 0% used [0x00000000fc180000,0x00000000fc180000,0x00000000fc880000)
 ParOldGen       total 44032K, used 21118K [0x00000000c1c00000, 0x00000000c4700000, 0x00000000eb400000)
  object space 44032K, 47% used [0x00000000c1c00000,0x00000000c309f998,0x00000000c4700000)
 Metaspace       used 20945K, capacity 21922K, committed 21960K, reserved 1069056K
  class space    used 3011K, capacity 3254K, committed 3276K, reserved 1048576K
Event: 6.595 GC heap after
Heap after GC invocations=14 (full 1):
 PSYoungGen      total 175104K, used 0K [0x00000000eb400000, 0x00000000fc880000, 0x0000000100000000)
  eden space 167936K, 0% used [0x00000000eb400000,0x00000000eb400000,0x00000000f5800000)
  from space 7168K, 0% used [0x00000000f5800000,0x00000000f5800000,0x00000000f5f00000)
  to   space 7168K, 0% used [0x00000000fc180000,0x00000000fc180000,0x00000000fc880000)
 ParOldGen       total 32768K, used 10947K [0x00000000c1c00000, 0x00000000c3c00000, 0x00000000eb400000)
  object space 32768K, 33% used [0x00000000c1c00000,0x00000000c26b0f48,0x00000000c3c00000)
 Metaspace       used 20945K, capacity 21922K, committed 21960K, reserved 1069056K
  class space    used 3011K, capacity 3254K, committed 3276K, reserved 1048576K
}

Deoptimization events (10 events):
Event: 18.422 Thread 0x0000000016cdc000 Uncommon trap: reason=unstable_if action=reinterpret pc=0x0000000002de92c4 method=com.sun.javafx.sg.prism.NGNode.setTransformedBounds(Lcom/sun/javafx/geom/BaseBounds;Z)V @ 19
Event: 19.695 Thread 0x0000000016d01800 Uncommon trap: reason=unstable_if action=reinterpret pc=0x00000000029cdd94 method=com.sun.prism.impl.ManagedResource.bumpAge(I)V @ 7
Event: 23.143 Thread 0x0000000016d01800 Uncommon trap: reason=unstable_if action=reinterpret pc=0x00000000024dff48 method=com.sun.javafx.geom.RectBounds.intersectWith(FFFF)V @ 18
Event: 23.144 Thread 0x0000000016d01800 Uncommon trap: reason=unstable_if action=reinterpret pc=0x0000000002dcf3b8 method=com.sun.javafx.geom.RectBounds.intersectWith(FFFF)V @ 18
Event: 23.169 Thread 0x0000000016d01800 Uncommon trap: reason=unstable_if action=reinterpret pc=0x00000000028f0514 method=com.sun.javafx.geom.RectBounds.intersectWith(FFFF)V @ 18
Event: 28.566 Thread 0x0000000016d01800 Uncommon trap: reason=class_check action=maybe_recompile pc=0x0000000002b81dd8 method=com.sun.prism.d3d.D3DContext.updateShaderTransform(Lcom/sun/prism/ps/Shader;Lcom/sun/javafx/geom/transform/BaseTransform;)V @ 5
Event: 28.588 Thread 0x0000000016d01800 Uncommon trap: reason=class_check action=maybe_recompile pc=0x0000000002b81dd8 method=com.sun.prism.d3d.D3DContext.updateShaderTransform(Lcom/sun/prism/ps/Shader;Lcom/sun/javafx/geom/transform/BaseTransform;)V @ 5
Event: 28.886 Thread 0x0000000016d01800 Uncommon trap: reason=class_check action=maybe_recompile pc=0x0000000002b81dd8 method=com.sun.prism.d3d.D3DContext.updateShaderTransform(Lcom/sun/prism/ps/Shader;Lcom/sun/javafx/geom/transform/BaseTransform;)V @ 5
Event: 28.959 Thread 0x0000000016d01800 Uncommon trap: reason=unstable_if action=reinterpret pc=0x0000000002542b9c method=com.sun.javafx.geom.Path2D.setWindingRule(I)V @ 1
Event: 28.959 Thread 0x0000000016d01800 Uncommon trap: reason=unstable_if action=reinterpret pc=0x00000000027c26d0 method=com.sun.prism.impl.shape.NativePiscesRasterizer.getMaskData(Lcom/sun/javafx/geom/Shape;Lcom/sun/prism/BasicStroke;Lcom/sun/javafx/geom/RectBounds;Lcom/sun/javafx/geom/transfo®—Úáïk2@

Internal exceptions (10 events):
Event: 5.342 Thread 0x0000000016cdc000 Implicit null exception at 0x00000000025bbe96 to 0x00000000025bc1bd
Event: 6.362 Thread 0x0000000016cdc000 Exception <a 'java/lang/ClassNotFoundException': sun/net/www/protocol/about/Handler> (0x00000000ec1786f8) thrown at [C:\re\workspace\8-2-build-windows-amd64-cygwin\jdk8u60\4407\hotspot\src\share\vm\classfile\systemDictionary.cpp, line 210]
Event: 7.847 Thread 0x0000000016cdc000 Exception <a 'java/lang/ClassNotFoundException': sun/net/www/protocol/about/Handler> (0x00000000ec39f5c0) thrown at [C:\re\workspace\8-2-build-windows-amd64-cygwin\jdk8u60\4407\hotspot\src\share\vm\classfile\systemDictionary.cpp, line 210]
Event: 8.838 Thread 0x000000001673b000 Implicit null exception at 0x0000000002652f6f to 0x0000000002652fd9
Event: 15.713 Thread 0x0000000016cdc000 Exception <a 'sun/nio/fs/WindowsException'> (0x00000000edb8f1e8) thrown at [C:\re\workspace\8-2-build-windows-amd64-cygwin\jdk8u60\4407\hotspot\src\share\vm\prims\jni.cpp, line 709]
Event: 15.714 Thread 0x0000000016cdc000 Exception <a 'sun/nio/fs/WindowsException'> (0x00000000edb90b48) thrown at [C:\re\workspace\8-2-build-windows-amd64-cygwin\jdk8u60\4407\hotspot\src\share\vm\prims\jni.cpp, line 709]
Event: 17.435 Thread 0x0000000016cdc000 Exception <a 'java/io/FileNotFoundException'> (0x00000000ee270bc8) thrown at [C:\re\workspace\8-2-build-windows-amd64-cygwin\jdk8u60\4407\hotspot\src\share\vm\prims\jni.cpp, line 709]
Event: 17.701 Thread 0x0000000016cdc000 Exception <a 'java/io/FileNotFoundException'> (0x00000000ee306fe8) thrown at [C:\re\workspace\8-2-build-windows-amd64-cygwin\jdk8u60\4407\hotspot\src\share\vm\prims\jni.cpp, line 709]
Event: 19.437 Thread 0x000000001673d800 Exception <a 'java/net/SocketTimeoutException': connect timed out> (0x00000000ecc1ab08) thrown at [C:\re\workspace\8-2-build-windows-amd64-cygwin\jdk8u60\4407\hotspot\src\share\vm\prims\jni.cpp, line 735]
Event: 29.437 Thread 0x000000001673d800 Exception <a 'java/net/SocketTimeoutException': connect timed out> (0x00000000ecc1c600) thrown at [C:\re\workspace\8-2-build-windows-amd64-cygwin\jdk8u60\4407\hotspot\src\share\vm\prims\jni.cpp, line 735]

Events (10 events):
Event: 30.896 Thread 0x0000000014998000 flushing nmethod 0x00000000029dcc50
Event: 30.896 Thread 0x0000000014998000 flushing nmethod 0x0000000002a1e5d0
Event: 30.896 Thread 0x0000000014998000 flushing nmethod 0x0000000002a39dd0
Event: 30.896 Thread 0x0000000014998000 flushing nmethod 0x0000000002a60490
Event: 31.066 Thread 0x0000000014998000 flushing nmethod 0x0000000002aad1d0
Event: 31.066 Thread 0x0000000014998000 flushing nmethod 0x0000000002ba1810
Event: 31.066 Thread 0x0000000014998000 flushing nmethod 0x0000000002bc22d0
Event: 31.420 Thread 0x0000000014998000 flushing nmethod 0x0000000002de8b90
Event: 31.494 Thread 0x0000000016cdc000 DEOPT PACKING pc=0x000000000279f13e sp=0x00000000178d8230
Event: 31.494 Thread 0x0000000016cdc000 DEOPT UNPACKING pc=0x00000000023e787f sp=0x00000000178d7f90 mode 0


Dynamic libraries:
0x00007ff7bff60000 - 0x00007ff7bff97000 	C:\Program Files\Java\jdk1.8.0_60\bin\java.exe
0x00007ffc2a200000 - 0x00007ffc2a3a9000 	C:\Windows\SYSTEM32\ntdll.dll
0x00007ffc27ec0000 - 0x00007ffc27ffa000 	C:\Windows\system32\KERNEL32.DLL
0x00007ffc27650000 - 0x00007ffc2775f000 	C:\Windows\system32\KERNELBASE.dll
0x00007ffc29fb0000 - 0x00007ffc2a055000 	C:\Windows\system32\ADVAPI32.dll
0x00007ffc29e30000 - 0x00007ffc29fa1000 	C:\Windows\system32\USER32.dll
0x00007ffc25630000 - 0x00007ffc2588a000 	C:\Windows\WinSxS\amd64_microsoft.windows.common-controls_6595b64144ccf1df_6.0.9600.16384_none_62475f7becb72503\COMCTL32.dll
0x00007ffc27c60000 - 0x00007ffc27d07000 	C:\Windows\system32\msvcrt.dll
0x00007ffc27bf0000 - 0x00007ffc27c47000 	C:\Windows\SYSTEM32\sechost.dll
0x00007ffc2a0c0000 - 0x00007ffc2a1f6000 	C:\Windows\system32\RPCRT4.dll
0x00007ffc27aa0000 - 0x00007ffc27be5000 	C:\Windows\system32\GDI32.dll
0x00007ffc28030000 - 0x00007ffc28064000 	C:\Windows\system32\IMM32.DLL
0x00007ffc28250000 - 0x00007ffc28389000 	C:\Windows\system32\MSCTF.dll
0x0000000074d10000 - 0x0000000074de2000 	C:\Program Files\Java\jdk1.8.0_60\jre\bin\msvcr100.dll
0x0000000074480000 - 0x0000000074d09000 	C:\Program Files\Java\jdk1.8.0_60\jre\bin\server\jvm.dll
0x00007ffc1a1f0000 - 0x00007ffc1a1f9000 	C:\Windows\SYSTEM32\WSOCK32.dll
0x00007ffc254e0000 - 0x00007ffc254ff000 	C:\Windows\SYSTEM32\WINMM.dll
0x00007ffc26870000 - 0x00007ffc2687a000 	C:\Windows\SYSTEM32\VERSION.dll
0x00007ffc27a90000 - 0x00007ffc27a97000 	C:\Windows\system32\PSAPI.DLL
0x00007ffc2a060000 - 0x00007ffc2a0b8000 	C:\Windows\system32\WS2_32.dll
0x00007ffc254b0000 - 0x00007ffc254da000 	C:\Windows\SYSTEM32\WINMMBASE.dll
0x00007ffc28000000 - 0x00007ffc28009000 	C:\Windows\system32\NSI.dll
0x00007ffc277b0000 - 0x00007ffc277fa000 	C:\Windows\SYSTEM32\cfgmgr32.dll
0x00007ffc26310000 - 0x00007ffc26336000 	C:\Windows\SYSTEM32\DEVOBJ.dll
0x0000000074470000 - 0x000000007447f000 	C:\Program Files\Java\jdk1.8.0_60\jre\bin\verify.dll
0x0000000074440000 - 0x0000000074469000 	C:\Program Files\Java\jdk1.8.0_60\jre\bin\java.dll
0x0000000074420000 - 0x0000000074436000 	C:\Program Files\Java\jdk1.8.0_60\jre\bin\zip.dll
0x00007ffc284e0000 - 0x00007ffc298ee000 	C:\Windows\system32\SHELL32.dll
0x00007ffc29c50000 - 0x00007ffc29e27000 	C:\Windows\SYSTEM32\combase.dll
0x00007ffc29950000 - 0x00007ffc299a1000 	C:\Windows\system32\SHLWAPI.dll
0x00007ffc25a70000 - 0x00007ffc25b11000 	C:\Windows\SYSTEM32\SHCORE.dll
0x00007ffc27580000 - 0x00007ffc27594000 	C:\Windows\SYSTEM32\profapi.dll
0x00007ffc24ba0000 - 0x00007ffc24bb0000 	C:\Program Files (x86)\JetBrains\IntelliJ IDEA 14.1.4\bin\breakgen64.dll
0x0000000074400000 - 0x000000007441a000 	C:\Program Files\Java\jdk1.8.0_60\jre\bin\net.dll
0x00007ffc26de0000 - 0x00007ffc26e38000 	C:\Windows\system32\mswsock.dll
0x00007ffc15b30000 - 0x00007ffc15c1f000 	C:\Program Files\Java\jdk1.8.0_60\jre\bin\msvcr120.dll
0x00007ffc161a0000 - 0x00007ffc16246000 	C:\Program Files\Java\jdk1.8.0_60\jre\bin\msvcp120.dll
0x00000000743d0000 - 0x00000000743f3000 	C:\Program Files\Java\jdk1.8.0_60\jre\bin\prism_d3d.dll
0x00007ffc15920000 - 0x00007ffc15b2a000 	C:\Windows\system32\d3d9.dll
0x00007ffc25890000 - 0x00007ffc258b1000 	C:\Windows\SYSTEM32\dwmapi.dll
0x00007ffc26190000 - 0x00007ffc262b2000 	C:\Windows\system32\uxtheme.dll
0x00007ffc24dd0000 - 0x00007ffc2501d000 	C:\Windows\SYSTEM32\d3d10warp.dll
0x0000000074380000 - 0x00000000743c3000 	C:\Program Files\Java\jdk1.8.0_60\jre\bin\glass.dll
0x00007ffc28440000 - 0x00007ffc284da000 	C:\Windows\system32\COMDLG32.dll
0x00007ffc29a70000 - 0x00007ffc29be5000 	C:\Windows\system32\ole32.dll
0x00007ffc299b0000 - 0x00007ffc29a67000 	C:\Windows\system32\OLEAUT32.dll
0x00007ffc14a90000 - 0x00007ffc14b69000 	C:\Program Files\Hewlett-Packard\HP ProtectTools Security Manager\Bin\DpoFeedb.dll
0x00007ffc26b90000 - 0x00007ffc26baf000 	C:\Windows\SYSTEM32\USERENV.dll
0x00007ffc260e0000 - 0x00007ffc260ea000 	C:\Windows\SYSTEM32\kernel.appcore.dll
0x00007ffc27550000 - 0x00007ffc2755a000 	C:\Windows\SYSTEM32\CRYPTBASE.dll
0x00007ffc27380000 - 0x00007ffc273de000 	C:\Windows\SYSTEM32\bcryptPrimitives.dll
0x00007ffc14a30000 - 0x00007ffc14a87000 	C:\Program Files\Hewlett-Packard\HP ProtectTools Security Manager\Bin\DpoSet.dll
0x0000000074340000 - 0x0000000074354000 	C:\Program Files\Java\jdk1.8.0_60\jre\bin\javafx_font.dll
0x00007ffc20500000 - 0x00007ffc206df000 	C:\Windows\SYSTEM32\dwrite.dll
0x00007ffc28390000 - 0x00007ffc28434000 	C:\Windows\SYSTEM32\clbcatq.dll
0x00007ffc252c0000 - 0x00007ffc25453000 	C:\Windows\SYSTEM32\WindowsCodecs.dll
0x00007ffc26e40000 - 0x00007ffc26e5e000 	C:\Windows\SYSTEM32\CRYPTSP.dll
0x00007ffc26a80000 - 0x00007ffc26ab5000 	C:\Windows\system32\rsaenh.dll
0x00007ffc27070000 - 0x00007ffc27096000 	C:\Windows\SYSTEM32\bcrypt.dll
0x00007ffc23900000 - 0x00007ffc23929000 	C:\Program Files\Common Files\Microsoft Shared\Ink\rtscom.dll
0x0000000071c20000 - 0x00000000741ad000 	C:\Program Files\Java\jdk1.8.0_60\jre\bin\jfxwebkit.dll
0x0000000071c00000 - 0x0000000071c11000 	C:\Program Files\Java\jdk1.8.0_60\jre\bin\prism_common.dll
0x0000000074360000 - 0x0000000074371000 	C:\Program Files\Java\jdk1.8.0_60\jre\bin\nio.dll
0x00007ffc26bf0000 - 0x00007ffc26c93000 	C:\Windows\SYSTEM32\DNSAPI.dll
0x00007ffc17ce0000 - 0x00007ffc17cf7000 	C:\Windows\system32\wlidnsp.dll
0x00007ffc27350000 - 0x00007ffc2737b000 	C:\Windows\SYSTEM32\SspiCli.dll
0x00007ffc27800000 - 0x00007ffc279d7000 	C:\Windows\system32\CRYPT32.dll
0x00007ffc27630000 - 0x00007ffc27642000 	C:\Windows\system32\MSASN1.dll
0x00007ffc26150000 - 0x00007ffc26159000 	C:\Windows\SYSTEM32\DPAPI.DLL
0x00007ffc19b90000 - 0x00007ffc19b99000 	C:\Windows\System32\rasadhlp.dll
0x00007ffc23200000 - 0x00007ffc23229000 	C:\Windows\SYSTEM32\IPHLPAPI.DLL
0x00007ffc231d0000 - 0x00007ffc231da000 	C:\Windows\SYSTEM32\WINNSI.DLL
0x00007ffc22d30000 - 0x00007ffc22d97000 	C:\Windows\System32\fwpuclnt.dll
0x0000000071bc0000 - 0x0000000071be3000 	C:\Program Files\Java\jdk1.8.0_60\jre\bin\javafx_iio.dll
0x0000000071a20000 - 0x0000000071bb8000 	C:\Program Files\Java\jdk1.8.0_60\jre\bin\awt.dll
0x00007ffc26050000 - 0x00007ffc260db000 	C:\Windows\system32\apphelp.dll
0x00007ffc22cc0000 - 0x00007ffc22cd4000 	C:\Windows\SYSTEM32\dhcpcsvc6.DLL
0x00007ffc22cf0000 - 0x00007ffc22d09000 	C:\Windows\SYSTEM32\dhcpcsvc.DLL
0x00007ffc18540000 - 0x00007ffc186c8000 	C:\Windows\SYSTEM32\dbghelp.dll

VM Arguments:
jvm_args: -Didea.launcher.port=7540 -Didea.launcher.bin.path=C:\Program Files (x86)\JetBrains\IntelliJ IDEA 14.1.4\bin -Dfile.encoding=windows-1252 
java_command: com.intellij.rt.execution.application.AppMain main.Main
java_class_path (initial): C:\Program Files\Java\jdk1.8.0_60\jre\lib\charsets.jar;C:\Program Files\Java\jdk1.8.0_60\jre\lib\deploy.jar;C:\Program Files\Java\jdk1.8.0_60\jre\lib\javaws.jar;C:\Program Files\Java\jdk1.8.0_60\jre\lib\jce.jar;C:\Program Files\Java\jdk1.8.0_60\jre\lib\jfr.jar;C:\Program Files\Java\jdk1.8.0_60\jre\lib\jfxswt.jar;C:\Program Files\Java\jdk1.8.0_60\jre\lib\jsse.jar;C:\Program Files\Java\jdk1.8.0_60\jre\lib\management-agent.jar;C:\Program Files\Java\jdk1.8.0_60\jre\lib\plugin.jar;C:\Program Files\Java\jdk1.8.0_60\jre\lib\resources.jar;C:\Program Files\Java\jdk1.8.0_60\jre\lib\rt.jar;C:\Program Files\Java\jdk1.8.0_60\jre\lib\ext\access-bridge-64.jar;C:\Program Files\Java\jdk1.8.0_60\jre\lib\ext\cldrdata.jar;C:\Program Files\Java\jdk1.8.0_60\jre\lib\ext\dnsns.jar;C:\Program Files\Java\jdk1.8.0_60\jre\lib\ext\jaccess.jar;C:\Program Files\Java\jdk1.8.0_60\jre\lib\ext\jfxrt.jar;C:\Program Files\Java\jdk1.8.0_60\jre\lib\ext\localedata.jar;C:\Program Files\Java\jdk1.8.0_60\jre\lib\ext\nashorn.jar;C:\Program Files\Java\jdk1.8.0_60\jre\lib\ext\sunec.jar;C:\Program Files\Java\jdk1.8.0_60\jre\lib\ext\sunjce_provider.jar;C:\Program Files\Java\jdk1.8.0_60\jre\lib\ext\sunmscapi.jar;C:\Program Files\Java\jdk1.8.0_60\jre\lib\ext\sunpkcs11.jar;C:\Program Files\Java\jdk1.8.0_60\jre\lib\ext\zipfs.jar;D:\Term Project\Web Browser\out\production\Web Browser;C:\Program Files (x86)\JetBrains\IntelliJ IDEA 14.1.4\lib\idea_rt.jar
Launcher Type: SUN_STANDARD

Environment Variables:
PATH=C:\ProgramData\Oracle\Java\javapath;C:\Program Files (x86)\Intel\iCLS Client\;C:\Program Files\Intel\iCLS Client\;C:\Windows\system32;C:\Windows;C:\Windows\System32\Wbem;C:\Windows\System32\WindowsPowerShell\v1.0\;C:\Program Files\Intel\Intel(R) Management Engine Components\DAL;C:\Program Files\Intel\Intel(R) Management Engine Components\IPT;C:\Program Files (x86)\Intel\Intel(R) Management Engine Components\DAL;C:\Program Files (x86)\Intel\Intel(R) Management Engine Components\IPT;C:\Program Files (x86)\ATI Technologies\ATI.ACE\Core-Static;C:\Program Files (x86)\Microsoft SQL Server\100\Tools\Binn\;C:\Program Files\Microsoft SQL Server\100\Tools\Binn\;C:\Program Files\Microsoft SQL Server\100\DTS\Binn\;C:\Python26;C:\Program Files (x86)\Common Files\lenovo\easyplussdk\bin;C:\Program Files\Git\cmd;D:\Programming\Codeblocks\MinGW\bin;C:\Program Files\Java\jdk1.8.0_60\bin
USERNAME=HP
OS=Windows_NT
PROCESSOR_IDENTIFIER=Intel64 Family 6 Model 60 Stepping 3, GenuineIntel



---------------  S Y S T E M  ---------------

OS: Windows 8.1 , 64 bit Build 9600 (6.3.9600.16384)

CPU:total 4 (2 cores per cpu, 2 threads per core) family 6 model 60 stepping 3, cmov, cx8, fxsr, mmx, sse, sse2, sse3, ssse3, sse4.1, sse4.2, popcnt, avx, avx2, aes, clmul, erms, lzcnt, ht, tsc, tscinvbit, bmi1, bmi2

Memory: 4k page, physical 4072552k(1623900k free), swap 4924520k(1554508k free)

vm_info: Java HotSpot(TM) 64-Bit Server VM (25.60-b23) for windows-amd64 JRE (1.8.0_60-b27), built on Aug  4 2015 11:06:27 by "java_re" with MS VC++ 10.0 (VS2010)

time: Wed Dec 09 18:37:31 2015
elapsed time: 32 seconds (0d 0h 0m 32s)

