#
# A fatal error has been detected by the Java Runtime Environment:
#
#  EXCEPTION_ACCESS_VIOLATION (0xc0000005) at pc=0x000000007261c130, pid=15720, tid=19984
#
# JRE version: Java(TM) SE Runtime Environment (8.0_60-b27) (build 1.8.0_60-b27)
# Java VM: Java HotSpot(TM) 64-Bit Server VM (25.60-b23 mixed mode windows-amd64 compressed oops)
# Problematic frame:
# C  [jfxwebkit.dll+0xc5c130]
#
# Failed to write core dump. Minidumps are not enabled by default on client versions of Windows
#
# If you would like to submit a bug report, please visit:
#   http://bugreport.java.com/bugreport/crash.jsp
# The crash happened outside the Java Virtual Machine in native code.
# See problematic frame for where to report the bug.
#

---------------  T H R E A D  ---------------

Current thread (0x0000000018630000):  JavaThread "JavaFX Application Thread" [_thread_in_native, id=19984, stack(0x0000000019de0000,0x0000000019ee0000)]

siginfo: ExceptionCode=0xc0000005, reading address 0x0000000000000008

Registers:
RAX=0x0000000000000000, RBX=0x000000002696c010, RCX=0x000000001f12d270, RDX=0x0000000000000000
RSP=0x0000000019edb5d8, RBP=0x00000000ffffffff, RSI=0x0000000000000000, RDI=0x000000002430cd70
R8 =0x000000001f12d270, R9 =0x000000001f12d330, R10=0x0000000000000000, R11=0x0000000000000040
R12=0x000000001acefe00, R13=0x000000001a48a870, R14=0x0000000000000000, R15=0x000000001acefda0
RIP=0x000000007261c130, EFLAGS=0x0000000000010246

Top of Stack: (sp=0x0000000019edb5d8)
0x0000000019edb5d8:   0000000072601b58 fffffffffffffffe
0x0000000019edb5e8:   000000002696c010 000000002696c010
0x0000000019edb5f8:   0000000072709d49 00000000269beea0
0x0000000019edb608:   0000000019edb660 000000001f12d270
0x0000000019edb618:   fffffffffffffffe 000000001a48a870
0x0000000019edb628:   00000000ffffffff 0000000000000000
0x0000000019edb638:   000000002430cd70 000000002696c010
0x0000000019edb648:   000000007260217e 000000001f12d270
0x0000000019edb658:   0000000019edb680 0000000000000000
0x0000000019edb668:   0000000000000000 0000000000000000
0x0000000019edb678:   0000000019edb6c8 0000000000000000
0x0000000019edb688:   000000001a48a888 fffffffffffffffe
0x0000000019edb698:   000000002696c010 000000002430cd70
0x0000000019edb6a8:   00000000242cd8b0 0000000019edc1e0
0x0000000019edb6b8:   000000007260d368 0000000000000000
0x0000000019edb6c8:   0000000000000000 0000000019edb7c0 

Instructions: (pc=0x000000007261c130)
0x000000007261c110:   48 8b 81 b0 00 00 00 4c 8d 89 c0 00 00 00 4c 8b
0x000000007261c120:   c1 49 3b c1 74 38 45 33 d2 0f 1f 80 00 00 00 00
0x000000007261c130:   48 8b 50 08 4c 89 50 10 4c 89 50 20 48 85 d2 74
0x000000007261c140:   11 48 8b 08 48 89 0a 48 89 51 08 4c 89 50 08 4c 


Register to memory mapping:

RAX=0x0000000000000000 is an unknown value
RBX=0x000000002696c010 is an unknown value
RCX=0x000000001f12d270 is an unknown value
RDX=0x0000000000000000 is an unknown value
RSP=0x0000000019edb5d8 is pointing into the stack for thread: 0x0000000018630000
RBP=0x00000000ffffffff is an unallocated location in the heap
RSI=0x0000000000000000 is an unknown value
RDI=0x000000002430cd70 is an unknown value
R8 =0x000000001f12d270 is an unknown value
R9 =0x000000001f12d330 is an unknown value
R10=0x0000000000000000 is an unknown value
R11=0x0000000000000040 is an unknown value
R12=0x000000001acefe00 is an unknown value
R13=0x000000001a48a870 is an unknown value
R14=0x0000000000000000 is an unknown value
R15=0x000000001acefda0 is an unknown value


Stack: [0x0000000019de0000,0x0000000019ee0000],  sp=0x0000000019edb5d8,  free space=1005k
Native frames: (J=compiled Java code, j=interpreted, Vv=VM code, C=native code)
C  [jfxwebkit.dll+0xc5c130]

Java frames: (J=compiled Java code, j=interpreted, Vv=VM code)
j  com.sun.webkit.network.URLLoader.twkDidFinishLoading(J)V+0
j  com.sun.webkit.network.URLLoader.notifyDidFinishLoading()V+44
j  com.sun.webkit.network.URLLoader.lambda$didFinishLoading$96()V+8
j  com.sun.webkit.network.URLLoader$$Lambda$183.run()V+4
J 2977 C1 com.sun.javafx.application.PlatformImpl$$Lambda$74.run()Ljava/lang/Object; (8 bytes) @ 0x000000000359bdcc [0x000000000359bc80+0x14c]
v  ~StubRoutines::call_stub
J 1613  java.security.AccessController.doPrivileged(Ljava/security/PrivilegedAction;Ljava/security/AccessControlContext;)Ljava/lang/Object; (0 bytes) @ 0x00000000031deca6 [0x00000000031dec40+0x66]
J 2974 C1 com.sun.javafx.application.PlatformImpl.lambda$runLater$175(Ljava/lang/Runnable;Ljava/security/AccessControlContext;)V (38 bytes) @ 0x0000000003598b14 [0x0000000003598700+0x414]
J 2973 C1 com.sun.javafx.application.PlatformImpl$$Lambda$72.run()V (12 bytes) @ 0x0000000003595804 [0x0000000003595780+0x84]
J 2517 C1 com.sun.glass.ui.InvokeLaterDispatcher$Future.run()V (91 bytes) @ 0x0000000003418e4c [0x0000000003418d40+0x10c]
v  ~StubRoutines::call_stub
j  com.sun.glass.ui.win.WinApplication._runLoop(Ljava/lang/Runnable;)V+0
j  com.sun.glass.ui.win.WinApplication.lambda$null$149(ILjava/lang/Runnable;)V+8
j  com.sun.glass.ui.win.WinApplication$$Lambda$60.run()V+12
j  java.lang.Thread.run()V+11
v  ~StubRoutines::call_stub

---------------  P R O C E S S  ---------------

Java Threads: ( => current thread )
  0x0000000016f0d800 JavaThread "URL-Loader-26" daemon [_thread_in_native, id=14140, stack(0x0000000025620000,0x0000000025720000)]
  0x0000000016f0e000 JavaThread "URL-Loader-25" daemon [_thread_in_native, id=8560, stack(0x0000000025520000,0x0000000025620000)]
  0x0000000016f0c800 JavaThread "URL-Loader-24" daemon [_thread_in_native, id=19800, stack(0x000000001f000000,0x000000001f100000)]
  0x0000000016f0f000 JavaThread "URL-Loader-23" daemon [_thread_in_native, id=19096, stack(0x000000001ef00000,0x000000001f000000)]
  0x0000000016f09800 JavaThread "URL-Loader-22" daemon [_thread_in_native, id=17692, stack(0x000000001ede0000,0x000000001eee0000)]
  0x0000000016f0b000 JavaThread "URL-Loader-21" daemon [_thread_in_native, id=13336, stack(0x000000001ece0000,0x000000001ede0000)]
  0x0000000016f06000 JavaThread "URL-Loader-20" daemon [_thread_in_native, id=848, stack(0x000000001ebe0000,0x000000001ece0000)]
  0x0000000016f09000 JavaThread "URL-Loader-19" daemon [_thread_in_native, id=12816, stack(0x000000001eae0000,0x000000001ebe0000)]
  0x0000000016f06800 JavaThread "URL-Loader-18" daemon [_thread_in_native, id=16040, stack(0x000000001e720000,0x000000001e820000)]
  0x0000000016f08000 JavaThread "Keep-Alive-Timer" daemon [_thread_blocked, id=10928, stack(0x000000001b560000,0x000000001b660000)]
  0x0000000016f0c000 JavaThread "URL-Loader-13" daemon [_thread_blocked, id=12032, stack(0x0000000025820000,0x0000000025920000)]
  0x0000000016f0a800 JavaThread "Keep-Alive-SocketCleaner" daemon [_thread_blocked, id=10572, stack(0x0000000025720000,0x0000000025820000)]
  0x0000000016f07800 JavaThread "Prism Font Disposer" daemon [_thread_blocked, id=9560, stack(0x0000000022da0000,0x0000000022ea0000)]
  0x0000000018753800 JavaThread "Watchdog-Timer-1" daemon [_thread_blocked, id=5216, stack(0x000000001e8e0000,0x000000001e9e0000)]
  0x0000000018750800 JavaThread "Disposer" daemon [_thread_blocked, id=5848, stack(0x000000001ad10000,0x000000001ae10000)]
  0x0000000018692800 JavaThread "Thread-5" daemon [_thread_in_native, id=19980, stack(0x000000001a4f0000,0x000000001a5f0000)]
=>0x0000000018630000 JavaThread "JavaFX Application Thread" [_thread_in_native, id=19984, stack(0x0000000019de0000,0x0000000019ee0000)]
  0x00000000185e6800 JavaThread "Thread-4" daemon [_thread_blocked, id=12440, stack(0x0000000019ae0000,0x0000000019be0000)]
  0x0000000018623800 JavaThread "QuantumRenderer-0" daemon [_thread_blocked, id=19932, stack(0x00000000199e0000,0x0000000019ae0000)]
  0x0000000018536000 JavaThread "TimerQueue" daemon [_thread_blocked, id=1688, stack(0x00000000194e0000,0x00000000195e0000)]
  0x000000001847d800 JavaThread "Timer-0" [_thread_blocked, id=19736, stack(0x00000000191e0000,0x00000000192e0000)]
  0x0000000002bce000 JavaThread "DestroyJavaVM" [_thread_blocked, id=14584, stack(0x00000000029d0000,0x0000000002ad0000)]
  0x00000000170e7800 JavaThread "AWT-EventQueue-0" [_thread_blocked, id=8888, stack(0x0000000017eb0000,0x0000000017fb0000)]
  0x0000000017058000 JavaThread "AWT-Windows" daemon [_thread_in_native, id=12912, stack(0x0000000017be0000,0x0000000017ce0000)]
  0x0000000017057800 JavaThread "AWT-Shutdown" [_thread_blocked, id=19196, stack(0x0000000017ae0000,0x0000000017be0000)]
  0x00000000170b1000 JavaThread "Java2D Disposer" daemon [_thread_blocked, id=18748, stack(0x00000000179e0000,0x0000000017ae0000)]
  0x0000000016e1c800 JavaThread "Monitor Ctrl-Break" daemon [_thread_in_native, id=14836, stack(0x0000000017320000,0x0000000017420000)]
  0x0000000016d4d800 JavaThread "Service Thread" daemon [_thread_blocked, id=14368, stack(0x0000000017120000,0x0000000017220000)]
  0x00000000152c8000 JavaThread "C1 CompilerThread2" daemon [_thread_blocked, id=16172, stack(0x0000000016c20000,0x0000000016d20000)]
  0x00000000152a4800 JavaThread "C2 CompilerThread1" daemon [_thread_blocked, id=19712, stack(0x0000000016b20000,0x0000000016c20000)]
  0x000000001529e000 JavaThread "C2 CompilerThread0" daemon [_thread_in_native, id=16820, stack(0x0000000016a20000,0x0000000016b20000)]
  0x000000001529b800 JavaThread "Attach Listener" daemon [_thread_blocked, id=19124, stack(0x0000000016920000,0x0000000016a20000)]
  0x000000001529a800 JavaThread "Signal Dispatcher" daemon [_thread_blocked, id=16744, stack(0x0000000016820000,0x0000000016920000)]
  0x0000000002cc7000 JavaThread "Finalizer" daemon [_thread_blocked, id=19512, stack(0x0000000016500000,0x0000000016600000)]
  0x0000000002cbe000 JavaThread "Reference Handler" daemon [_thread_blocked, id=18144, stack(0x0000000016400000,0x0000000016500000)]

Other Threads:
  0x0000000015267800 VMThread [stack: 0x0000000016300000,0x0000000016400000] [id=19420]
  0x0000000016d52800 WatcherThread [stack: 0x0000000017220000,0x0000000017320000] [id=13772]

VM state:not at safepoint (normal execution)

VM Mutex/Monitor currently owned by a thread: None

Heap:
 PSYoungGen      total 101376K, used 73640K [0x00000000eb400000, 0x00000000f1b00000, 0x0000000100000000)
  eden space 97280K, 73% used [0x00000000eb400000,0x00000000ef9b7b80,0x00000000f1300000)
  from space 4096K, 54% used [0x00000000f1700000,0x00000000f1932810,0x00000000f1b00000)
  to   space 4096K, 0% used [0x00000000f1300000,0x00000000f1300000,0x00000000f1700000)
 ParOldGen       total 33280K, used 10507K [0x00000000c1c00000, 0x00000000c3c80000, 0x00000000eb400000)
  object space 33280K, 31% used [0x00000000c1c00000,0x00000000c2642c70,0x00000000c3c80000)
 Metaspace       used 26362K, capacity 27206K, committed 27520K, reserved 1073152K
  class space    used 3438K, capacity 3656K, committed 3712K, reserved 1048576K

Card table byte_map: [0x0000000012090000,0x0000000012290000] byte_map_base: 0x0000000011a82000

Marking Bits: (ParMarkBitMap*) 0x0000000074afa5b0
 Begin Bits: [0x00000000127e0000, 0x0000000013770000)
 End Bits:   [0x0000000013770000, 0x0000000014700000)

Polling page: 0x00000000010a0000

CodeCache: size=245760Kb used=10427Kb max_used=10468Kb free=235332Kb
 bounds [0x0000000002cd0000, 0x0000000003720000, 0x0000000011cd0000]
 total_blobs=4355 nmethods=3497 adapters=768
 compilation: enabled

Compilation events (10 events):
Event: 44.365 Thread 0x00000000152c8000 nmethod 3908 0x00000000034e9d90 code [0x00000000034e9f00, 0x00000000034ea1f0]
Event: 44.365 Thread 0x00000000152c8000 3909       3       java.lang.Character::isWhitespace (5 bytes)
Event: 44.366 Thread 0x00000000152c8000 nmethod 3909 0x00000000034e9850 code [0x00000000034e99c0, 0x00000000034e9c58]
Event: 44.370 Thread 0x000000001529e000 nmethod 3907 0x000000000360a1d0 code [0x000000000360a300, 0x000000000360a498]
Event: 44.376 Thread 0x00000000152c8000 3910       1       sun.security.provider.SHA2::lf_maj (12 bytes)
Event: 44.376 Thread 0x00000000152c8000 nmethod 3910 0x00000000036235d0 code [0x0000000003623720, 0x0000000003623810]
Event: 44.377 Thread 0x00000000152a4800 3911       4       java.lang.Integer::reverseBytes (26 bytes)
Event: 44.378 Thread 0x00000000152a4800 nmethod 3911 0x0000000002fc4090 code [0x0000000002fc41c0, 0x0000000002fc4238]
Event: 44.407 Thread 0x00000000152c8000 3912       3       java.util.Arrays::fill (21 bytes)
Event: 44.407 Thread 0x00000000152c8000 nmethod 3912 0x00000000034e9410 code [0x00000000034e9580, 0x00000000034e9770]

GC Heap History (10 events):
Event: 10.194 GC heap before
{Heap before GC invocations=9 (full 1):
 PSYoungGen      total 34816K, used 31737K [0x00000000eb400000, 0x00000000ee700000, 0x0000000100000000)
  eden space 29696K, 99% used [0x00000000eb400000,0x00000000ed0f71a8,0x00000000ed100000)
  from space 5120K, 40% used [0x00000000ed100000,0x00000000ed307350,0x00000000ed600000)
  to   space 4608K, 0% used [0x00000000ee280000,0x00000000ee280000,0x00000000ee700000)
 ParOldGen       total 33280K, used 10137K [0x00000000c1c00000, 0x00000000c3c80000, 0x00000000eb400000)
  object space 33280K, 30% used [0x00000000c1c00000,0x00000000c25e6790,0x00000000c3c80000)
 Metaspace       used 23069K, capacity 23850K, committed 24064K, reserved 1071104K
  class space    used 3040K, capacity 3244K, committed 3328K, reserved 1048576K
Event: 10.197 GC heap after
Heap after GC invocations=9 (full 1):
 PSYoungGen      total 47616K, used 2131K [0x00000000eb400000, 0x00000000eee80000, 0x0000000100000000)
  eden space 43008K, 0% used [0x00000000eb400000,0x00000000eb400000,0x00000000ede00000)
  from space 4608K, 46% used [0x00000000ee280000,0x00000000ee494d60,0x00000000ee700000)
  to   space 4608K, 0% used [0x00000000ede00000,0x00000000ede00000,0x00000000ee280000)
 ParOldGen       total 33280K, used 10145K [0x00000000c1c00000, 0x00000000c3c80000, 0x00000000eb400000)
  object space 33280K, 30% used [0x00000000c1c00000,0x00000000c25e8790,0x00000000c3c80000)
 Metaspace       used 23069K, capacity 23850K, committed 24064K, reserved 1071104K
  class space    used 3040K, capacity 3244K, committed 3328K, reserved 1048576K
}
Event: 10.219 GC heap before
{Heap before GC invocations=10 (full 1):
 PSYoungGen      total 47616K, used 45138K [0x00000000eb400000, 0x00000000eee80000, 0x0000000100000000)
  eden space 43008K, 99% used [0x00000000eb400000,0x00000000eddffac8,0x00000000ede00000)
  from space 4608K, 46% used [0x00000000ee280000,0x00000000ee494d60,0x00000000ee700000)
  to   space 4608K, 0% used [0x00000000ede00000,0x00000000ede00000,0x00000000ee280000)
 ParOldGen       total 33280K, used 10145K [0x00000000c1c00000, 0x00000000c3c80000, 0x00000000eb400000)
  object space 33280K, 30% used [0x00000000c1c00000,0x00000000c25e8790,0x00000000c3c80000)
 Metaspace       used 23069K, capacity 23850K, committed 24064K, reserved 1071104K
  class space    used 3040K, capacity 3244K, committed 3328K, reserved 1048576K
Event: 10.222 GC heap after
Heap after GC invocations=10 (full 1):
 PSYoungGen      total 47616K, used 2276K [0x00000000eb400000, 0x00000000efa00000, 0x0000000100000000)
  eden space 43008K, 0% used [0x00000000eb400000,0x00000000eb400000,0x00000000ede00000)
  from space 4608K, 49% used [0x00000000ede00000,0x00000000ee0390e0,0x00000000ee280000)
  to   space 4096K, 0% used [0x00000000ef600000,0x00000000ef600000,0x00000000efa00000)
 ParOldGen       total 33280K, used 10153K [0x00000000c1c00000, 0x00000000c3c80000, 0x00000000eb400000)
  object space 33280K, 30% used [0x00000000c1c00000,0x00000000c25ea790,0x00000000c3c80000)
 Metaspace       used 23069K, capacity 23850K, committed 24064K, reserved 1071104K
  class space    used 3040K, capacity 3244K, committed 3328K, reserved 1048576K
}
Event: 10.243 GC heap before
{Heap before GC invocations=11 (full 1):
 PSYoungGen      total 47616K, used 45248K [0x00000000eb400000, 0x00000000efa00000, 0x0000000100000000)
  eden space 43008K, 99% used [0x00000000eb400000,0x00000000eddf70a8,0x00000000ede00000)
  from space 4608K, 49% used [0x00000000ede00000,0x00000000ee0390e0,0x00000000ee280000)
  to   space 4096K, 0% used [0x00000000ef600000,0x00000000ef600000,0x00000000efa00000)
 ParOldGen       total 33280K, used 10153K [0x00000000c1c00000, 0x00000000c3c80000, 0x00000000eb400000)
  object space 33280K, 30% used [0x00000000c1c00000,0x00000000c25ea790,0x00000000c3c80000)
 Metaspace       used 23075K, capacity 23850K, committed 24064K, reserved 1071104K
  class space    used 3040K, capacity 3244K, committed 3328K, reserved 1048576K
Event: 10.249 GC heap after
Heap after GC invocations=11 (full 1):
 PSYoungGen      total 67584K, used 2387K [0x00000000eb400000, 0x00000000efc80000, 0x0000000100000000)
  eden space 63488K, 0% used [0x00000000eb400000,0x00000000eb400000,0x00000000ef200000)
  from space 4096K, 58% used [0x00000000ef600000,0x00000000ef854f08,0x00000000efa00000)
  to   space 4096K, 0% used [0x00000000ef200000,0x00000000ef200000,0x00000000ef600000)
 ParOldGen       total 33280K, used 10161K [0x00000000c1c00000, 0x00000000c3c80000, 0x00000000eb400000)
  object space 33280K, 30% used [0x00000000c1c00000,0x00000000c25ec790,0x00000000c3c80000)
 Metaspace       used 23075K, capacity 23850K, committed 24064K, reserved 1071104K
  class space    used 3040K, capacity 3244K, committed 3328K, reserved 1048576K
}
Event: 10.281 GC heap before
{Heap before GC invocations=12 (full 1):
 PSYoungGen      total 67584K, used 65566K [0x00000000eb400000, 0x00000000efc80000, 0x0000000100000000)
  eden space 63488K, 99% used [0x00000000eb400000,0x00000000ef1b2aa8,0x00000000ef200000)
  from space 4096K, 58% used [0x00000000ef600000,0x00000000ef854f08,0x00000000efa00000)
  to   space 4096K, 0% used [0x00000000ef200000,0x00000000ef200000,0x00000000ef600000)
 ParOldGen       total 33280K, used 10161K [0x00000000c1c00000, 0x00000000c3c80000, 0x00000000eb400000)
  object space 33280K, 30% used [0x00000000c1c00000,0x00000000c25ec790,0x00000000c3c80000)
 Metaspace       used 23076K, capacity 23850K, committed 24064K, reserved 1071104K
  class space    used 3040K, capacity 3244K, committed 3328K, reserved 1048576K
Event: 10.285 GC heap after
Heap after GC invocations=12 (full 1):
 PSYoungGen      total 67584K, used 2419K [0x00000000eb400000, 0x00000000f1b00000, 0x0000000100000000)
  eden space 63488K, 0% used [0x00000000eb400000,0x00000000eb400000,0x00000000ef200000)
  from space 4096K, 59% used [0x00000000ef200000,0x00000000ef45ce78,0x00000000ef600000)
  to   space 4096K, 0% used [0x00000000f1700000,0x00000000f1700000,0x00000000f1b00000)
 ParOldGen       total 33280K, used 10249K [0x00000000c1c00000, 0x00000000c3c80000, 0x00000000eb400000)
  object space 33280K, 30% used [0x00000000c1c00000,0x00000000c2602790,0x00000000c3c80000)
 Metaspace       used 23076K, capacity 23850K, committed 24064K, reserved 1071104K
  class space    used 3040K, capacity 3244K, committed 3328K, reserved 1048576K
}
Event: 10.318 GC heap before
{Heap before GC invocations=13 (full 1):
 PSYoungGen      total 67584K, used 65766K [0x00000000eb400000, 0x00000000f1b00000, 0x0000000100000000)
  eden space 63488K, 99% used [0x00000000eb400000,0x00000000ef1dcb60,0x00000000ef200000)
  from space 4096K, 59% used [0x00000000ef200000,0x00000000ef45ce78,0x00000000ef600000)
  to   space 4096K, 0% used [0x00000000f1700000,0x00000000f1700000,0x00000000f1b00000)
 ParOldGen       total 33280K, used 10249K [0x00000000c1c00000, 0x00000000c3c80000, 0x00000000eb400000)
  object space 33280K, 30% used [0x00000000c1c00000,0x00000000c2602790,0x00000000c3c80000)
 Metaspace       used 23080K, capacity 23850K, committed 24064K, reserved 1071104K
  class space    used 3040K, capacity 3244K, committed 3328K, reserved 1048576K
Event: 10.321 GC heap after
Heap after GC invocations=13 (full 1):
 PSYoungGen      total 101376K, used 2250K [0x00000000eb400000, 0x00000000f1b00000, 0x0000000100000000)
  eden space 97280K, 0% used [0x00000000eb400000,0x00000000eb400000,0x00000000f1300000)
  from space 4096K, 54% used [0x00000000f1700000,0x00000000f1932810,0x00000000f1b00000)
  to   space 4096K, 0% used [0x00000000f1300000,0x00000000f1300000,0x00000000f1700000)
 ParOldGen       total 33280K, used 10507K [0x00000000c1c00000, 0x00000000c3c80000, 0x00000000eb400000)
  object space 33280K, 31% used [0x00000000c1c00000,0x00000000c2642c70,0x00000000c3c80000)
 Metaspace       used 23080K, capacity 23850K, committed 24064K, reserved 1071104K
  class space    used 3040K, capacity 3244K, committed 3328K, reserved 1048576K
}

Deoptimization events (10 events):
Event: 11.273 Thread 0x0000000018630000 Uncommon trap: reason=class_check action=maybe_recompile pc=0x000000000352c48c method=java.util.regex.Pattern$Start.match(Ljava/util/regex/Matcher;ILjava/lang/CharSequence;)Z @ 44
Event: 11.273 Thread 0x0000000018630000 Uncommon trap: reason=class_check action=maybe_recompile pc=0x00000000034fad24 method=java.util.regex.Pattern$BmpCharProperty.match(Ljava/util/regex/Matcher;ILjava/lang/CharSequence;)Z @ 16
Event: 11.273 Thread 0x0000000018630000 Uncommon trap: reason=class_check action=maybe_recompile pc=0x00000000034fad24 method=java.util.regex.Pattern$BmpCharProperty.match(Ljava/util/regex/Matcher;ILjava/lang/CharSequence;)Z @ 16
Event: 12.196 Thread 0x0000000018630000 Uncommon trap: reason=unstable_if action=reinterpret pc=0x00000000035fc420 method=javafx.beans.property.ObjectPropertyBase.get()Ljava/lang/Object; @ 9
Event: 12.222 Thread 0x0000000018630000 Uncommon trap: reason=unstable_if action=reinterpret pc=0x00000000034f4594 method=java.io.ByteArrayInputStream.read()I @ 8
Event: 12.222 Thread 0x0000000016f06000 Uncommon trap: reason=unstable_if action=reinterpret pc=0x00000000034f4594 method=java.io.ByteArrayInputStream.read()I @ 8
Event: 18.332 Thread 0x0000000016f09800 Uncommon trap: reason=predicate action=maybe_recompile pc=0x000000000352c5b0 method=java.util.regex.Pattern$Curly.match(Ljava/util/regex/Matcher;ILjava/lang/CharSequence;)Z @ 12
Event: 18.332 Thread 0x0000000016f09800 Uncommon trap: reason=predicate action=maybe_recompile pc=0x0000000003530320 method=java.util.regex.Pattern$Curly.match(Ljava/util/regex/Matcher;ILjava/lang/CharSequence;)Z @ 12
Event: 18.333 Thread 0x0000000016f09800 Uncommon trap: reason=class_check action=maybe_recompile pc=0x00000000034fad24 method=java.util.regex.Pattern$BmpCharProperty.match(Ljava/util/regex/Matcher;ILjava/lang/CharSequence;)Z @ 16
Event: 18.333 Thread 0x0000000016f09800 Uncommon trap: reason=class_check action=maybe_recompile pc=0x00000000034fad24 method=java.util.regex.Pattern$BmpCharProperty.match(Ljava/util/regex/Matcher;ILjava/lang/CharSequence;)Z @ 16

Internal exceptions (10 events):
Event: 44.077 Thread 0x0000000018630000 Exception <a 'java/lang/ClassNotFoundException': sun/net/www/protocol/about/Handler> (0x00000000ef698890) thrown at [C:\re\workspace\8-2-build-windows-amd64-cygwin\jdk8u60\4407\hotspot\src\share\vm\classfile\systemDictionary.cpp, line 210]
Event: 44.079 Thread 0x0000000018630000 Exception <a 'java/lang/ClassNotFoundException': sun/net/www/protocol/about/Handler> (0x00000000ef69ccd8) thrown at [C:\re\workspace\8-2-build-windows-amd64-cygwin\jdk8u60\4407\hotspot\src\share\vm\classfile\systemDictionary.cpp, line 210]
Event: 44.087 Thread 0x0000000018630000 Exception <a 'java/lang/ClassNotFoundException': sun/net/www/protocol/about/Handler> (0x00000000ef6a43a0) thrown at [C:\re\workspace\8-2-build-windows-amd64-cygwin\jdk8u60\4407\hotspot\src\share\vm\classfile\systemDictionary.cpp, line 210]
Event: 44.090 Thread 0x0000000018630000 Exception <a 'java/lang/ClassNotFoundException': sun/net/www/protocol/about/Handler> (0x00000000ef6e63f0) thrown at [C:\re\workspace\8-2-build-windows-amd64-cygwin\jdk8u60\4407\hotspot\src\share\vm\classfile\systemDictionary.cpp, line 210]
Event: 44.091 Thread 0x0000000018630000 Exception <a 'java/lang/ClassNotFoundException': sun/net/www/protocol/about/Handler> (0x00000000ef6ea800) thrown at [C:\re\workspace\8-2-build-windows-amd64-cygwin\jdk8u60\4407\hotspot\src\share\vm\classfile\systemDictionary.cpp, line 210]
Event: 44.114 Thread 0x0000000018630000 Exception <a 'java/lang/ClassNotFoundException': sun/net/www/protocol/about/Handler> (0x00000000ef72dbd8) thrown at [C:\re\workspace\8-2-build-windows-amd64-cygwin\jdk8u60\4407\hotspot\src\share\vm\classfile\systemDictionary.cpp, line 210]
Event: 44.115 Thread 0x0000000018630000 Exception <a 'java/lang/ClassNotFoundException': sun/net/www/protocol/about/Handler> (0x00000000ef7ab988) thrown at [C:\re\workspace\8-2-build-windows-amd64-cygwin\jdk8u60\4407\hotspot\src\share\vm\classfile\systemDictionary.cpp, line 210]
Event: 44.121 Thread 0x0000000018630000 Exception <a 'java/lang/ClassNotFoundException': sun/net/www/protocol/about/Handler> (0x00000000ef7b2be0) thrown at [C:\re\workspace\8-2-build-windows-amd64-cygwin\jdk8u60\4407\hotspot\src\share\vm\classfile\systemDictionary.cpp, line 210]
Event: 44.164 Thread 0x0000000018630000 Exception <a 'java/lang/ClassNotFoundException': sun/net/www/protocol/about/Handler> (0x00000000ef874938) thrown at [C:\re\workspace\8-2-build-windows-amd64-cygwin\jdk8u60\4407\hotspot\src\share\vm\classfile\systemDictionary.cpp, line 210]
Event: 44.316 Thread 0x0000000018630000 Exception <a 'java/lang/ClassNotFoundException': sun/net/www/protocol/about/Handler> (0x00000000ef8f1ef8) thrown at [C:\re\workspace\8-2-build-windows-amd64-cygwin\jdk8u60\4407\hotspot\src\share\vm\classfile\systemDictionary.cpp, line 210]

Events (10 events):
Event: 44.401 loading class java/util/Base64$Decoder done
Event: 44.401 loading class java/util/Base64$Encoder
Event: 44.406 loading class java/util/Base64$Encoder done
Event: 44.407 loading class sun/nio/cs/ISO_8859_1$Encoder
Event: 44.418 loading class sun/nio/cs/ISO_8859_1$Encoder done
Event: 44.419 loading class sun/nio/cs/Surrogate$Parser
Event: 44.419 loading class sun/nio/cs/Surrogate$Parser done
Event: 44.419 loading class sun/nio/cs/Surrogate
Event: 44.419 loading class sun/nio/cs/Surrogate done
Event: 44.420 loading class java/util/jar/JarVerifier$VerifierStream


Dynamic libraries:
0x00007ff758740000 - 0x00007ff758777000 	C:\Program Files\Java\jdk1.8.0_60\bin\java.exe
0x00007ffc2a200000 - 0x00007ffc2a3a9000 	C:\Windows\SYSTEM32\ntdll.dll
0x00007ffc27ec0000 - 0x00007ffc27ffa000 	C:\Windows\system32\KERNEL32.DLL
0x00007ffc27650000 - 0x00007ffc2775f000 	C:\Windows\system32\KERNELBASE.dll
0x00007ffc29fb0000 - 0x00007ffc2a055000 	C:\Windows\system32\ADVAPI32.dll
0x00007ffc29e30000 - 0x00007ffc29fa1000 	C:\Windows\system32\USER32.dll
0x00007ffc25630000 - 0x00007ffc2588a000 	C:\Windows\WinSxS\amd64_microsoft.windows.common-controls_6595b64144ccf1df_6.0.9600.16384_none_62475f7becb72503\COMCTL32.dll
0x00007ffc27c60000 - 0x00007ffc27d07000 	C:\Windows\system32\msvcrt.dll
0x00007ffc27bf0000 - 0x00007ffc27c47000 	C:\Windows\SYSTEM32\sechost.dll
0x00007ffc2a0c0000 - 0x00007ffc2a1f6000 	C:\Windows\system32\RPCRT4.dll
0x00007ffc27aa0000 - 0x00007ffc27be5000 	C:\Windows\system32\GDI32.dll
0x00007ffc28030000 - 0x00007ffc28064000 	C:\Windows\system32\IMM32.DLL
0x00007ffc28250000 - 0x00007ffc28389000 	C:\Windows\system32\MSCTF.dll
0x0000000074b80000 - 0x0000000074c52000 	C:\Program Files\Java\jdk1.8.0_60\jre\bin\msvcr100.dll
0x00000000742f0000 - 0x0000000074b79000 	C:\Program Files\Java\jdk1.8.0_60\jre\bin\server\jvm.dll
0x00007ffc1a1f0000 - 0x00007ffc1a1f9000 	C:\Windows\SYSTEM32\WSOCK32.dll
0x00007ffc254e0000 - 0x00007ffc254ff000 	C:\Windows\SYSTEM32\WINMM.dll
0x00007ffc26870000 - 0x00007ffc2687a000 	C:\Windows\SYSTEM32\VERSION.dll
0x00007ffc27a90000 - 0x00007ffc27a97000 	C:\Windows\system32\PSAPI.DLL
0x00007ffc2a060000 - 0x00007ffc2a0b8000 	C:\Windows\system32\WS2_32.dll
0x00007ffc254b0000 - 0x00007ffc254da000 	C:\Windows\SYSTEM32\WINMMBASE.dll
0x00007ffc28000000 - 0x00007ffc28009000 	C:\Windows\system32\NSI.dll
0x00007ffc277b0000 - 0x00007ffc277fa000 	C:\Windows\SYSTEM32\cfgmgr32.dll
0x00007ffc26310000 - 0x00007ffc26336000 	C:\Windows\SYSTEM32\DEVOBJ.dll
0x00000000742e0000 - 0x00000000742ef000 	C:\Program Files\Java\jdk1.8.0_60\jre\bin\verify.dll
0x00000000742b0000 - 0x00000000742d9000 	C:\Program Files\Java\jdk1.8.0_60\jre\bin\java.dll
0x0000000074290000 - 0x00000000742a6000 	C:\Program Files\Java\jdk1.8.0_60\jre\bin\zip.dll
0x00007ffc284e0000 - 0x00007ffc298ee000 	C:\Windows\system32\SHELL32.dll
0x00007ffc29c50000 - 0x00007ffc29e27000 	C:\Windows\SYSTEM32\combase.dll
0x00007ffc29950000 - 0x00007ffc299a1000 	C:\Windows\system32\SHLWAPI.dll
0x00007ffc25a70000 - 0x00007ffc25b11000 	C:\Windows\SYSTEM32\SHCORE.dll
0x00007ffc27580000 - 0x00007ffc27594000 	C:\Windows\SYSTEM32\profapi.dll
0x00007ffc25c30000 - 0x00007ffc25c40000 	C:\Program Files (x86)\JetBrains\IntelliJ IDEA 14.1.4\bin\breakgen64.dll
0x0000000074270000 - 0x000000007428a000 	C:\Program Files\Java\jdk1.8.0_60\jre\bin\net.dll
0x00007ffc26de0000 - 0x00007ffc26e38000 	C:\Windows\system32\mswsock.dll
0x00000000740d0000 - 0x0000000074268000 	C:\Program Files\Java\jdk1.8.0_60\jre\bin\awt.dll
0x00007ffc299b0000 - 0x00007ffc29a67000 	C:\Windows\system32\OLEAUT32.dll
0x00007ffc26050000 - 0x00007ffc260db000 	C:\Windows\system32\apphelp.dll
0x00007ffc25890000 - 0x00007ffc258b1000 	C:\Windows\system32\DWMAPI.DLL
0x00007ffc26190000 - 0x00007ffc262b2000 	C:\Windows\system32\uxtheme.dll
0x00007ffc1acb0000 - 0x00007ffc1ad89000 	C:\Program Files\Hewlett-Packard\HP ProtectTools Security Manager\Bin\DpoFeedb.dll
0x00007ffc26b90000 - 0x00007ffc26baf000 	C:\Windows\SYSTEM32\USERENV.dll
0x00007ffc29a70000 - 0x00007ffc29be5000 	C:\Windows\system32\ole32.dll
0x00007ffc260e0000 - 0x00007ffc260ea000 	C:\Windows\SYSTEM32\kernel.appcore.dll
0x00007ffc27550000 - 0x00007ffc2755a000 	C:\Windows\SYSTEM32\CRYPTBASE.dll
0x00007ffc27380000 - 0x00007ffc273de000 	C:\Windows\SYSTEM32\bcryptPrimitives.dll
0x00007ffc1c2b0000 - 0x00007ffc1c307000 	C:\Program Files\Hewlett-Packard\HP ProtectTools Security Manager\Bin\DpoSet.dll
0x0000000074080000 - 0x00000000740c7000 	C:\Program Files\Java\jdk1.8.0_60\jre\bin\fontmanager.dll
0x0000000074060000 - 0x0000000074071000 	C:\Program Files\Java\jdk1.8.0_60\jre\bin\nio.dll
0x0000000074010000 - 0x0000000074052000 	C:\Program Files\Java\jdk1.8.0_60\jre\bin\t2k.dll
0x00007ffc28390000 - 0x00007ffc28434000 	C:\Windows\SYSTEM32\clbcatq.dll
0x00007ffc24930000 - 0x00007ffc24ac3000 	C:\Windows\SYSTEM32\WindowsCodecs.dll
0x00007ffc26e40000 - 0x00007ffc26e5e000 	C:\Windows\SYSTEM32\CRYPTSP.dll
0x00007ffc26a80000 - 0x00007ffc26ab5000 	C:\Windows\system32\rsaenh.dll
0x00007ffc27070000 - 0x00007ffc27096000 	C:\Windows\SYSTEM32\bcrypt.dll
0x00007ffc1bd50000 - 0x00007ffc1be3f000 	C:\Program Files\Java\jdk1.8.0_60\jre\bin\msvcr120.dll
0x00007ffc20a60000 - 0x00007ffc20b06000 	C:\Program Files\Java\jdk1.8.0_60\jre\bin\msvcp120.dll
0x0000000073fd0000 - 0x0000000073ff3000 	C:\Program Files\Java\jdk1.8.0_60\jre\bin\prism_d3d.dll
0x00007ffc16d60000 - 0x00007ffc16f6a000 	C:\Windows\system32\d3d9.dll
0x00007ffc24dd0000 - 0x00007ffc2501d000 	C:\Windows\SYSTEM32\d3d10warp.dll
0x0000000073f80000 - 0x0000000073fc3000 	C:\Program Files\Java\jdk1.8.0_60\jre\bin\glass.dll
0x00007ffc28440000 - 0x00007ffc284da000 	C:\Windows\system32\COMDLG32.dll
0x0000000073f50000 - 0x0000000073f7a000 	C:\Program Files\Java\jdk1.8.0_60\jre\bin\dcpr.dll
0x00000000719c0000 - 0x0000000073f4d000 	C:\Program Files\Java\jdk1.8.0_60\jre\bin\jfxwebkit.dll
0x00000000719a0000 - 0x00000000719b4000 	C:\Program Files\Java\jdk1.8.0_60\jre\bin\javafx_font.dll
0x00007ffc1b270000 - 0x00007ffc1b44f000 	C:\Windows\SYSTEM32\dwrite.dll
0x00007ffc26bf0000 - 0x00007ffc26c93000 	C:\Windows\SYSTEM32\DNSAPI.dll
0x00007ffc17ce0000 - 0x00007ffc17cf7000 	C:\Windows\system32\wlidnsp.dll
0x00007ffc27350000 - 0x00007ffc2737b000 	C:\Windows\SYSTEM32\SspiCli.dll
0x00007ffc27800000 - 0x00007ffc279d7000 	C:\Windows\system32\CRYPT32.dll
0x00007ffc27630000 - 0x00007ffc27642000 	C:\Windows\system32\MSASN1.dll
0x00007ffc26150000 - 0x00007ffc26159000 	C:\Windows\SYSTEM32\DPAPI.DLL
0x00007ffc19b90000 - 0x00007ffc19b99000 	C:\Windows\System32\rasadhlp.dll
0x00007ffc23200000 - 0x00007ffc23229000 	C:\Windows\SYSTEM32\IPHLPAPI.DLL
0x00007ffc231d0000 - 0x00007ffc231da000 	C:\Windows\SYSTEM32\WINNSI.DLL
0x00007ffc22d30000 - 0x00007ffc22d97000 	C:\Windows\System32\fwpuclnt.dll
0x0000000071980000 - 0x0000000071991000 	C:\Program Files\Java\jdk1.8.0_60\jre\bin\prism_common.dll
0x00007ffc18540000 - 0x00007ffc186c8000 	C:\Windows\SYSTEM32\dbghelp.dll

VM Arguments:
jvm_args: -Didea.launcher.port=7536 -Didea.launcher.bin.path=C:\Program Files (x86)\JetBrains\IntelliJ IDEA 14.1.4\bin -Dfile.encoding=windows-1252 
java_command: com.intellij.rt.execution.application.AppMain main.Widged
java_class_path (initial): C:\Program Files\Java\jdk1.8.0_60\jre\lib\charsets.jar;C:\Program Files\Java\jdk1.8.0_60\jre\lib\deploy.jar;C:\Program Files\Java\jdk1.8.0_60\jre\lib\javaws.jar;C:\Program Files\Java\jdk1.8.0_60\jre\lib\jce.jar;C:\Program Files\Java\jdk1.8.0_60\jre\lib\jfr.jar;C:\Program Files\Java\jdk1.8.0_60\jre\lib\jfxswt.jar;C:\Program Files\Java\jdk1.8.0_60\jre\lib\jsse.jar;C:\Program Files\Java\jdk1.8.0_60\jre\lib\management-agent.jar;C:\Program Files\Java\jdk1.8.0_60\jre\lib\plugin.jar;C:\Program Files\Java\jdk1.8.0_60\jre\lib\resources.jar;C:\Program Files\Java\jdk1.8.0_60\jre\lib\rt.jar;C:\Program Files\Java\jdk1.8.0_60\jre\lib\ext\access-bridge-64.jar;C:\Program Files\Java\jdk1.8.0_60\jre\lib\ext\cldrdata.jar;C:\Program Files\Java\jdk1.8.0_60\jre\lib\ext\dnsns.jar;C:\Program Files\Java\jdk1.8.0_60\jre\lib\ext\jaccess.jar;C:\Program Files\Java\jdk1.8.0_60\jre\lib\ext\jfxrt.jar;C:\Program Files\Java\jdk1.8.0_60\jre\lib\ext\localedata.jar;C:\Program Files\Java\jdk1.8.0_60\jre\lib\ext\nashorn.jar;C:\Program Files\Java\jdk1.8.0_60\jre\lib\ext\sunec.jar;C:\Program Files\Java\jdk1.8.0_60\jre\lib\ext\sunjce_provider.jar;C:\Program Files\Java\jdk1.8.0_60\jre\lib\ext\sunmscapi.jar;C:\Program Files\Java\jdk1.8.0_60\jre\lib\ext\sunpkcs11.jar;C:\Program Files\Java\jdk1.8.0_60\jre\lib\ext\zipfs.jar;D:\Term Project\Web Browser\out\production\Web Browser;C:\Program Files (x86)\JetBrains\IntelliJ IDEA 14.1.4\lib\idea_rt.jar
Launcher Type: SUN_STANDARD

Environment Variables:
PATH=C:\ProgramData\Oracle\Java\javapath;C:\Program Files (x86)\Intel\iCLS Client\;C:\Program Files\Intel\iCLS Client\;C:\Windows\system32;C:\Windows;C:\Windows\System32\Wbem;C:\Windows\System32\WindowsPowerShell\v1.0\;C:\Program Files\Intel\Intel(R) Management Engine Components\DAL;C:\Program Files\Intel\Intel(R) Management Engine Components\IPT;C:\Program Files (x86)\Intel\Intel(R) Management Engine Components\DAL;C:\Program Files (x86)\Intel\Intel(R) Management Engine Components\IPT;C:\Program Files (x86)\ATI Technologies\ATI.ACE\Core-Static;C:\Program Files (x86)\Microsoft SQL Server\100\Tools\Binn\;C:\Program Files\Microsoft SQL Server\100\Tools\Binn\;C:\Program Files\Microsoft SQL Server\100\DTS\Binn\;C:\Python26;C:\Program Files (x86)\Common Files\lenovo\easyplussdk\bin;C:\Program Files\Git\cmd;D:\Programming\Codeblocks\MinGW\bin;C:\Program Files\Java\jdk1.8.0_60\bin
USERNAME=HP
OS=Windows_NT
PROCESSOR_IDENTIFIER=Intel64 Family 6 Model 60 Stepping 3, GenuineIntel



---------------  S Y S T E M  ---------------

OS: Windows 8.1 , 64 bit Build 9600 (6.3.9600.16384)

CPU:total 4 (2 cores per cpu, 2 threads per core) family 6 model 60 stepping 3, cmov, cx8, fxsr, mmx, sse, sse2, sse3, ssse3, sse4.1, sse4.2, popcnt, avx, avx2, aes, clmul, erms, lzcnt, ht, tsc, tscinvbit, bmi1, bmi2

Memory: 4k page, physical 4072552k(1494820k free), swap 4924520k(1496116k free)

vm_info: Java HotSpot(TM) 64-Bit Server VM (25.60-b23) for windows-amd64 JRE (1.8.0_60-b27), built on Aug  4 2015 11:06:27 by "java_re" with MS VC++ 10.0 (VS2010)

time: Wed Dec 23 10:17:18 2015
elapsed time: 44 seconds (0d 0h 0m 44s)

